{"C:\\project\\ets-frontend\\src\\components\\@next\\@ui\\registry\\utils\\sort\\sort.ts": {"path":"C:\\project\\ets-frontend\\src\\components\\@next\\@ui\\registry\\utils\\sort\\sort.ts","statementMap":{"0":{"start":{"line":1,"column":0},"end":{"line":1,"column":null}},"1":{"start":{"line":6,"column":0},"end":{"line":6,"column":40}},"2":{"start":{"line":12,"column":13},"end":{"line":18,"column":2}},"3":{"start":{"line":13,"column":2},"end":{"line":15,"column":null}},"4":{"start":{"line":14,"column":4},"end":{"line":14,"column":16}},"5":{"start":{"line":17,"column":2},"end":{"line":17,"column":19}},"6":{"start":{"line":20,"column":13},"end":{"line":26,"column":2}},"7":{"start":{"line":21,"column":2},"end":{"line":23,"column":null}},"8":{"start":{"line":22,"column":3},"end":{"line":22,"column":72}},"9":{"start":{"line":22,"column":30},"end":{"line":22,"column":60}},"10":{"start":{"line":25,"column":2},"end":{"line":25,"column":15}},"11":{"start":{"line":28,"column":13},"end":{"line":43,"column":2}},"12":{"start":{"line":30,"column":2},"end":{"line":32,"column":null}},"13":{"start":{"line":31,"column":4},"end":{"line":31,"column":13}},"14":{"start":{"line":35,"column":2},"end":{"line":37,"column":null}},"15":{"start":{"line":36,"column":4},"end":{"line":36,"column":14}},"16":{"start":{"line":38,"column":2},"end":{"line":40,"column":null}},"17":{"start":{"line":39,"column":4},"end":{"line":39,"column":13}},"18":{"start":{"line":42,"column":2},"end":{"line":42,"column":15}},"19":{"start":{"line":44,"column":13},"end":{"line":46,"column":2}},"20":{"start":{"line":45,"column":2},"end":{"line":45,"column":24}},"21":{"start":{"line":48,"column":13},"end":{"line":55,"column":2}},"22":{"start":{"line":49,"column":23},"end":{"line":49,"column":55}},"23":{"start":{"line":50,"column":24},"end":{"line":50,"column":56}},"24":{"start":{"line":52,"column":2},"end":{"line":54,"column":4}},"25":{"start":{"line":57,"column":13},"end":{"line":82,"column":2}},"26":{"start":{"line":58,"column":16},"end":{"line":58,"column":56}},"27":{"start":{"line":59,"column":17},"end":{"line":59,"column":58}},"28":{"start":{"line":61,"column":23},"end":{"line":61,"column":50}},"29":{"start":{"line":62,"column":2},"end":{"line":64,"column":null}},"30":{"start":{"line":63,"column":4},"end":{"line":63,"column":24}},"31":{"start":{"line":67,"column":2},"end":{"line":69,"column":null}},"32":{"start":{"line":68,"column":4},"end":{"line":68,"column":41}},"33":{"start":{"line":72,"column":2},"end":{"line":79,"column":null}},"34":{"start":{"line":74,"column":4},"end":{"line":76,"column":null}},"35":{"start":{"line":75,"column":6},"end":{"line":75,"column":38}},"36":{"start":{"line":78,"column":4},"end":{"line":78,"column":41}},"37":{"start":{"line":81,"column":2},"end":{"line":81,"column":11}}},"fnMap":{"0":{"name":"(anonymous_0)","decl":{"start":{"line":12,"column":39},"end":{"line":12,"column":40}},"loc":{"start":{"line":12,"column":75},"end":{"line":18,"column":1}}},"1":{"name":"(anonymous_1)","decl":{"start":{"line":20,"column":35},"end":{"line":20,"column":36}},"loc":{"start":{"line":20,"column":74},"end":{"line":26,"column":1}}},"2":{"name":"(anonymous_2)","decl":{"start":{"line":22,"column":20},"end":{"line":22,"column":21}},"loc":{"start":{"line":22,"column":25},"end":{"line":22,"column":53}}},"3":{"name":"(anonymous_3)","decl":{"start":{"line":28,"column":28},"end":{"line":28,"column":29}},"loc":{"start":{"line":28,"column":52},"end":{"line":43,"column":1}}},"4":{"name":"(anonymous_4)","decl":{"start":{"line":44,"column":30},"end":{"line":44,"column":31}},"loc":{"start":{"line":44,"column":60},"end":{"line":46,"column":1}}},"5":{"name":"(anonymous_5)","decl":{"start":{"line":48,"column":30},"end":{"line":48,"column":31}},"loc":{"start":{"line":48,"column":60},"end":{"line":55,"column":1}}},"6":{"name":"(anonymous_6)","decl":{"start":{"line":57,"column":25},"end":{"line":57,"column":26}},"loc":{"start":{"line":57,"column":60},"end":{"line":82,"column":1}}}},"branchMap":{"0":{"loc":{"start":{"line":13,"column":2},"end":{"line":15,"column":null}},"type":"if","locations":[{"start":{"line":13,"column":2},"end":{"line":15,"column":null}},{"start":{"line":13,"column":2},"end":{"line":15,"column":null}}]},"1":{"loc":{"start":{"line":13,"column":6},"end":{"line":13,"column":20}},"type":"binary-expr","locations":[{"start":{"line":13,"column":6},"end":{"line":13,"column":20}},{"start":{"line":13,"column":24},"end":{"line":13,"column":38}}]},"2":{"loc":{"start":{"line":21,"column":2},"end":{"line":23,"column":null}},"type":"if","locations":[{"start":{"line":21,"column":2},"end":{"line":23,"column":null}},{"start":{"line":21,"column":2},"end":{"line":23,"column":null}}]},"3":{"loc":{"start":{"line":30,"column":2},"end":{"line":32,"column":null}},"type":"if","locations":[{"start":{"line":30,"column":2},"end":{"line":32,"column":null}},{"start":{"line":30,"column":2},"end":{"line":32,"column":null}}]},"4":{"loc":{"start":{"line":30,"column":6},"end":{"line":30,"column":12}},"type":"binary-expr","locations":[{"start":{"line":30,"column":6},"end":{"line":30,"column":12}},{"start":{"line":30,"column":16},"end":{"line":30,"column":23}}]},"5":{"loc":{"start":{"line":35,"column":2},"end":{"line":37,"column":null}},"type":"if","locations":[{"start":{"line":35,"column":2},"end":{"line":37,"column":null}},{"start":{"line":35,"column":2},"end":{"line":37,"column":null}}]},"6":{"loc":{"start":{"line":35,"column":6},"end":{"line":35,"column":12}},"type":"binary-expr","locations":[{"start":{"line":35,"column":6},"end":{"line":35,"column":12}},{"start":{"line":35,"column":16},"end":{"line":35,"column":22}}]},"7":{"loc":{"start":{"line":38,"column":2},"end":{"line":40,"column":null}},"type":"if","locations":[{"start":{"line":38,"column":2},"end":{"line":40,"column":null}},{"start":{"line":38,"column":2},"end":{"line":40,"column":null}}]},"8":{"loc":{"start":{"line":38,"column":6},"end":{"line":38,"column":11}},"type":"binary-expr","locations":[{"start":{"line":38,"column":6},"end":{"line":38,"column":11}},{"start":{"line":38,"column":15},"end":{"line":38,"column":22}}]},"9":{"loc":{"start":{"line":62,"column":2},"end":{"line":64,"column":null}},"type":"if","locations":[{"start":{"line":62,"column":2},"end":{"line":64,"column":null}},{"start":{"line":62,"column":2},"end":{"line":64,"column":null}}]},"10":{"loc":{"start":{"line":67,"column":2},"end":{"line":69,"column":null}},"type":"if","locations":[{"start":{"line":67,"column":2},"end":{"line":69,"column":null}},{"start":{"line":67,"column":2},"end":{"line":69,"column":null}}]},"11":{"loc":{"start":{"line":67,"column":6},"end":{"line":67,"column":21}},"type":"binary-expr","locations":[{"start":{"line":67,"column":6},"end":{"line":67,"column":21}},{"start":{"line":67,"column":25},"end":{"line":67,"column":41}}]},"12":{"loc":{"start":{"line":72,"column":2},"end":{"line":79,"column":null}},"type":"if","locations":[{"start":{"line":72,"column":2},"end":{"line":79,"column":null}},{"start":{"line":72,"column":2},"end":{"line":79,"column":null}}]},"13":{"loc":{"start":{"line":72,"column":6},"end":{"line":72,"column":21}},"type":"binary-expr","locations":[{"start":{"line":72,"column":6},"end":{"line":72,"column":21}},{"start":{"line":72,"column":25},"end":{"line":72,"column":41}}]},"14":{"loc":{"start":{"line":74,"column":4},"end":{"line":76,"column":null}},"type":"if","locations":[{"start":{"line":74,"column":4},"end":{"line":76,"column":null}},{"start":{"line":74,"column":4},"end":{"line":76,"column":null}}]}},"s":{"0":1,"1":1,"2":1,"3":6,"4":2,"5":4,"6":1,"7":3,"8":1,"9":2,"10":2,"11":1,"12":4,"13":1,"14":3,"15":1,"16":2,"17":1,"18":1,"19":1,"20":0,"21":1,"22":0,"23":0,"24":0,"25":1,"26":0,"27":0,"28":0,"29":0,"30":0,"31":0,"32":0,"33":0,"34":0,"35":0,"36":0,"37":0},"f":{"0":6,"1":3,"2":2,"3":4,"4":0,"5":0,"6":0},"b":{"0":[2,4],"1":[6,5],"2":[1,2],"3":[1,3],"4":[4,2],"5":[1,2],"6":[3,1],"7":[1,1],"8":[2,2],"9":[0,0],"10":[0,0],"11":[0,0],"12":[0,0],"13":[0,0],"14":[0,0]}}
,"C:\\project\\ets-frontend\\src\\components\\@next\\_example\\module\\e_functions.ts": {"path":"C:\\project\\ets-frontend\\src\\components\\@next\\_example\\module\\e_functions.ts","statementMap":{"0":{"start":{"line":3,"column":13},"end":{"line":5,"column":2}},"1":{"start":{"line":4,"column":2},"end":{"line":4,"column":15}},"2":{"start":{"line":13,"column":13},"end":{"line":15,"column":2}},"3":{"start":{"line":14,"column":2},"end":{"line":14,"column":15}},"4":{"start":{"line":18,"column":13},"end":{"line":30,"column":2}},"5":{"start":{"line":19,"column":2},"end":{"line":29,"column":4}},"6":{"start":{"line":22,"column":6},"end":{"line":27,"column":8}},"7":{"start":{"line":24,"column":10},"end":{"line":24,"column":21}}},"fnMap":{"0":{"name":"(anonymous_0)","decl":{"start":{"line":3,"column":28},"end":{"line":3,"column":29}},"loc":{"start":{"line":3,"column":49},"end":{"line":5,"column":1}}},"1":{"name":"(anonymous_1)","decl":{"start":{"line":13,"column":42},"end":{"line":13,"column":43}},"loc":{"start":{"line":13,"column":47},"end":{"line":15,"column":1}}},"2":{"name":"(anonymous_2)","decl":{"start":{"line":18,"column":28},"end":{"line":18,"column":29}},"loc":{"start":{"line":18,"column":49},"end":{"line":30,"column":1}}},"3":{"name":"(anonymous_3)","decl":{"start":{"line":20,"column":4},"end":{"line":20,"column":5}},"loc":{"start":{"line":20,"column":8},"end":{"line":28,"column":5}}},"4":{"name":"(anonymous_4)","decl":{"start":{"line":23,"column":8},"end":{"line":23,"column":null}},"loc":{"start":{"line":23,"column":8},"end":{"line":25,"column":9}}}},"branchMap":{},"s":{"0":1,"1":3,"2":1,"3":1,"4":1,"5":1,"6":1,"7":1},"f":{"0":3,"1":1,"2":1,"3":1,"4":1},"b":{}}
,"C:\\project\\ets-frontend\\src\\components\\new\\ui\\registry\\module\\utils\\data.ts": {"path":"C:\\project\\ets-frontend\\src\\components\\new\\ui\\registry\\module\\utils\\data.ts","statementMap":{"0":{"start":{"line":3,"column":13},"end":{"line":11,"column":2}},"1":{"start":{"line":4,"column":10},"end":{"line":4,"column":15}},"2":{"start":{"line":5,"column":22},"end":{"line":5,"column":34}},"3":{"start":{"line":7,"column":2},"end":{"line":10,"column":4}}},"fnMap":{"0":{"name":"(anonymous_0)","decl":{"start":{"line":3,"column":48},"end":{"line":3,"column":49}},"loc":{"start":{"line":3,"column":106},"end":{"line":11,"column":1}}}},"branchMap":{},"s":{"0":1,"1":4,"2":4,"3":4},"f":{"0":4},"b":{}}
,"C:\\project\\ets-frontend\\src\\components\\old\\ui\\input\\date-picker\\localizer.ts": {"path":"C:\\project\\ets-frontend\\src\\components\\old\\ui\\input\\date-picker\\localizer.ts","statementMap":{"0":{"start":{"line":1,"column":0},"end":{"line":1,"column":34}},"1":{"start":{"line":2,"column":0},"end":{"line":2,"column":58}},"2":{"start":{"line":9,"column":2},"end":{"line":9,"column":83}},"3":{"start":{"line":13,"column":2},"end":{"line":13,"column":71}},"4":{"start":{"line":17,"column":2},"end":{"line":17,"column":72}},"5":{"start":{"line":21,"column":20},"end":{"line":55,"column":4}},"6":{"start":{"line":33,"column":8},"end":{"line":33,"column":124}},"7":{"start":{"line":36,"column":8},"end":{"line":36,"column":125}},"8":{"start":{"line":40,"column":6},"end":{"line":40,"column":58}},"9":{"start":{"line":43,"column":6},"end":{"line":45,"column":null}},"10":{"start":{"line":44,"column":8},"end":{"line":44,"column":20}},"11":{"start":{"line":46,"column":16},"end":{"line":46,"column":49}},"12":{"start":{"line":47,"column":6},"end":{"line":49,"column":null}},"13":{"start":{"line":48,"column":8},"end":{"line":48,"column":26}},"14":{"start":{"line":50,"column":6},"end":{"line":50,"column":18}},"15":{"start":{"line":53,"column":6},"end":{"line":53,"column":55}},"16":{"start":{"line":57,"column":2},"end":{"line":57,"column":41}},"17":{"start":{"line":60,"column":0},"end":{"line":60,"column":31}}},"fnMap":{"0":{"name":"getMoment","decl":{"start":{"line":8,"column":9},"end":{"line":8,"column":18}},"loc":{"start":{"line":8,"column":42},"end":{"line":10,"column":1}}},"1":{"name":"endOfDecade","decl":{"start":{"line":12,"column":9},"end":{"line":12,"column":20}},"loc":{"start":{"line":12,"column":25},"end":{"line":14,"column":1}}},"2":{"name":"endOfCentury","decl":{"start":{"line":16,"column":9},"end":{"line":16,"column":21}},"loc":{"start":{"line":16,"column":26},"end":{"line":18,"column":1}}},"3":{"name":"momentLocalizer","decl":{"start":{"line":20,"column":9},"end":{"line":20,"column":24}},"loc":{"start":{"line":20,"column":24},"end":{"line":58,"column":1}}},"4":{"name":"decade","decl":{"start":{"line":32,"column":23},"end":{"line":32,"column":29}},"loc":{"start":{"line":32,"column":57},"end":{"line":34,"column":7}}},"5":{"name":"century","decl":{"start":{"line":35,"column":24},"end":{"line":35,"column":31}},"loc":{"start":{"line":35,"column":59},"end":{"line":37,"column":7}}},"6":{"name":"firstOfWeek","decl":{"start":{"line":39,"column":26},"end":{"line":39,"column":37}},"loc":{"start":{"line":39,"column":45},"end":{"line":41,"column":5}}},"7":{"name":"parse","decl":{"start":{"line":42,"column":20},"end":{"line":42,"column":25}},"loc":{"start":{"line":42,"column":48},"end":{"line":51,"column":5}}},"8":{"name":"format","decl":{"start":{"line":52,"column":21},"end":{"line":52,"column":27}},"loc":{"start":{"line":52,"column":51},"end":{"line":54,"column":5}}}},"branchMap":{"0":{"loc":{"start":{"line":9,"column":19},"end":{"line":9,"column":57}},"type":"cond-expr","locations":[{"start":{"line":9,"column":19},"end":{"line":9,"column":57}},{"start":{"line":9,"column":60},"end":{"line":9,"column":82}}]},"1":{"loc":{"start":{"line":43,"column":6},"end":{"line":45,"column":null}},"type":"if","locations":[{"start":{"line":43,"column":6},"end":{"line":45,"column":null}},{"start":{"line":43,"column":6},"end":{"line":45,"column":null}}]},"2":{"loc":{"start":{"line":47,"column":6},"end":{"line":49,"column":null}},"type":"if","locations":[{"start":{"line":47,"column":6},"end":{"line":49,"column":null}},{"start":{"line":47,"column":6},"end":{"line":49,"column":null}}]}},"s":{"0":1,"1":1,"2":0,"3":0,"4":0,"5":1,"6":0,"7":0,"8":0,"9":0,"10":0,"11":0,"12":0,"13":0,"14":0,"15":0,"16":1,"17":1},"f":{"0":0,"1":0,"2":0,"3":1,"4":0,"5":0,"6":0,"7":0,"8":0},"b":{"0":[0,0],"1":[0,0],"2":[0,0]}}
,"C:\\project\\ets-frontend\\src\\utils\\dates.ts": {"path":"C:\\project\\ets-frontend\\src\\utils\\dates.ts","statementMap":{"0":{"start":{"line":1,"column":0},"end":{"line":1,"column":33}},"1":{"start":{"line":2,"column":0},"end":{"line":2,"column":44}},"2":{"start":{"line":3,"column":0},"end":{"line":3,"column":76}},"3":{"start":{"line":5,"column":0},"end":{"line":5,"column":20}},"4":{"start":{"line":6,"column":0},"end":{"line":6,"column":18}},"5":{"start":{"line":8,"column":13},"end":{"line":9,"column":60}},"6":{"start":{"line":8,"column":40},"end":{"line":8,"column":62}},"7":{"start":{"line":8,"column":62},"end":{"line":8,"column":null}},"8":{"start":{"line":9,"column":2},"end":{"line":9,"column":60}},"9":{"start":{"line":11,"column":13},"end":{"line":16,"column":2}},"10":{"start":{"line":12,"column":2},"end":{"line":15,"column":4}},"11":{"start":{"line":18,"column":13},"end":{"line":28,"column":2}},"12":{"start":{"line":19,"column":2},"end":{"line":27,"column":4}},"13":{"start":{"line":30,"column":13},"end":{"line":37,"column":2}},"14":{"start":{"line":31,"column":18},"end":{"line":31,"column":28}},"15":{"start":{"line":32,"column":2},"end":{"line":34,"column":4}},"16":{"start":{"line":36,"column":2},"end":{"line":36,"column":17}},"17":{"start":{"line":39,"column":13},"end":{"line":46,"column":2}},"18":{"start":{"line":40,"column":18},"end":{"line":40,"column":37}},"19":{"start":{"line":41,"column":2},"end":{"line":43,"column":4}},"20":{"start":{"line":45,"column":2},"end":{"line":45,"column":17}},"21":{"start":{"line":47,"column":13},"end":{"line":48,"column":39}},"22":{"start":{"line":48,"column":2},"end":{"line":48,"column":39}},"23":{"start":{"line":51,"column":2},"end":{"line":51,"column":58}},"24":{"start":{"line":50,"column":0},"end":{"line":50,"column":16}},"25":{"start":{"line":55,"column":2},"end":{"line":57,"column":null}},"26":{"start":{"line":56,"column":4},"end":{"line":56,"column":33}},"27":{"start":{"line":58,"column":2},"end":{"line":58,"column":33}},"28":{"start":{"line":54,"column":0},"end":{"line":54,"column":16}},"29":{"start":{"line":61,"column":31},"end":{"line":61,"column":null}},"30":{"start":{"line":62,"column":2},"end":{"line":62,"column":24}},"31":{"start":{"line":63,"column":2},"end":{"line":65,"column":4}},"32":{"start":{"line":61,"column":0},"end":{"line":61,"column":16}},"33":{"start":{"line":69,"column":2},"end":{"line":69,"column":24}},"34":{"start":{"line":70,"column":2},"end":{"line":70,"column":38}},"35":{"start":{"line":68,"column":0},"end":{"line":68,"column":16}},"36":{"start":{"line":74,"column":14},"end":{"line":74,"column":24}},"37":{"start":{"line":75,"column":2},"end":{"line":75,"column":68}},"38":{"start":{"line":73,"column":0},"end":{"line":73,"column":16}},"39":{"start":{"line":79,"column":2},"end":{"line":81,"column":null}},"40":{"start":{"line":80,"column":4},"end":{"line":80,"column":16}},"41":{"start":{"line":82,"column":2},"end":{"line":82,"column":43}},"42":{"start":{"line":78,"column":0},"end":{"line":78,"column":16}},"43":{"start":{"line":86,"column":2},"end":{"line":88,"column":null}},"44":{"start":{"line":87,"column":4},"end":{"line":87,"column":16}},"45":{"start":{"line":89,"column":2},"end":{"line":89,"column":43}},"46":{"start":{"line":85,"column":0},"end":{"line":85,"column":16}},"47":{"start":{"line":93,"column":2},"end":{"line":95,"column":null}},"48":{"start":{"line":94,"column":4},"end":{"line":94,"column":16}},"49":{"start":{"line":96,"column":2},"end":{"line":96,"column":49}},"50":{"start":{"line":92,"column":0},"end":{"line":92,"column":16}},"51":{"start":{"line":100,"column":2},"end":{"line":102,"column":null}},"52":{"start":{"line":101,"column":4},"end":{"line":101,"column":16}},"53":{"start":{"line":103,"column":2},"end":{"line":105,"column":35}},"54":{"start":{"line":99,"column":0},"end":{"line":99,"column":16}},"55":{"start":{"line":109,"column":2},"end":{"line":111,"column":null}},"56":{"start":{"line":110,"column":4},"end":{"line":110,"column":16}},"57":{"start":{"line":113,"column":2},"end":{"line":113,"column":37}},"58":{"start":{"line":108,"column":0},"end":{"line":108,"column":16}},"59":{"start":{"line":117,"column":2},"end":{"line":119,"column":null}},"60":{"start":{"line":118,"column":4},"end":{"line":118,"column":14}},"61":{"start":{"line":120,"column":2},"end":{"line":122,"column":4}},"62":{"start":{"line":116,"column":0},"end":{"line":116,"column":16}},"63":{"start":{"line":126,"column":2},"end":{"line":128,"column":null}},"64":{"start":{"line":127,"column":4},"end":{"line":127,"column":14}},"65":{"start":{"line":129,"column":2},"end":{"line":131,"column":4}},"66":{"start":{"line":125,"column":0},"end":{"line":125,"column":16}},"67":{"start":{"line":135,"column":2},"end":{"line":137,"column":null}},"68":{"start":{"line":136,"column":4},"end":{"line":136,"column":14}},"69":{"start":{"line":138,"column":2},"end":{"line":138,"column":70}},"70":{"start":{"line":134,"column":0},"end":{"line":134,"column":16}},"71":{"start":{"line":142,"column":2},"end":{"line":144,"column":null}},"72":{"start":{"line":143,"column":4},"end":{"line":143,"column":14}},"73":{"start":{"line":145,"column":2},"end":{"line":145,"column":67}},"74":{"start":{"line":141,"column":0},"end":{"line":141,"column":16}},"75":{"start":{"line":149,"column":2},"end":{"line":151,"column":null}},"76":{"start":{"line":150,"column":4},"end":{"line":150,"column":15}},"77":{"start":{"line":152,"column":2},"end":{"line":152,"column":72}},"78":{"start":{"line":148,"column":0},"end":{"line":148,"column":16}},"79":{"start":{"line":156,"column":2},"end":{"line":158,"column":null}},"80":{"start":{"line":157,"column":4},"end":{"line":157,"column":21}},"81":{"start":{"line":159,"column":2},"end":{"line":159,"column":29}},"82":{"start":{"line":155,"column":0},"end":{"line":155,"column":16}},"83":{"start":{"line":165,"column":14},"end":{"line":165,"column":24}},"84":{"start":{"line":167,"column":2},"end":{"line":167,"column":78}},"85":{"start":{"line":164,"column":0},"end":{"line":164,"column":16}},"86":{"start":{"line":171,"column":14},"end":{"line":171,"column":24}},"87":{"start":{"line":172,"column":2},"end":{"line":172,"column":80}},"88":{"start":{"line":170,"column":0},"end":{"line":170,"column":16}},"89":{"start":{"line":176,"column":14},"end":{"line":176,"column":24}},"90":{"start":{"line":178,"column":2},"end":{"line":178,"column":78}},"91":{"start":{"line":175,"column":0},"end":{"line":175,"column":16}},"92":{"start":{"line":182,"column":14},"end":{"line":182,"column":24}},"93":{"start":{"line":184,"column":2},"end":{"line":184,"column":78}},"94":{"start":{"line":181,"column":0},"end":{"line":181,"column":16}},"95":{"start":{"line":188,"column":14},"end":{"line":188,"column":24}},"96":{"start":{"line":189,"column":2},"end":{"line":189,"column":80}},"97":{"start":{"line":187,"column":0},"end":{"line":187,"column":16}},"98":{"start":{"line":193,"column":14},"end":{"line":193,"column":28}},"99":{"start":{"line":194,"column":2},"end":{"line":194,"column":74}},"100":{"start":{"line":192,"column":0},"end":{"line":192,"column":16}},"101":{"start":{"line":198,"column":14},"end":{"line":198,"column":28}},"102":{"start":{"line":199,"column":2},"end":{"line":199,"column":79}},"103":{"start":{"line":197,"column":0},"end":{"line":197,"column":16}},"104":{"start":{"line":202,"column":28},"end":{"line":202,"column":null}},"105":{"start":{"line":203,"column":14},"end":{"line":203,"column":24}},"106":{"start":{"line":205,"column":2},"end":{"line":212,"column":4}},"107":{"start":{"line":202,"column":0},"end":{"line":202,"column":16}},"108":{"start":{"line":216,"column":14},"end":{"line":216,"column":24}},"109":{"start":{"line":218,"column":2},"end":{"line":218,"column":75}},"110":{"start":{"line":215,"column":0},"end":{"line":215,"column":16}},"111":{"start":{"line":222,"column":14},"end":{"line":222,"column":24}},"112":{"start":{"line":223,"column":2},"end":{"line":223,"column":74}},"113":{"start":{"line":221,"column":0},"end":{"line":221,"column":16}},"114":{"start":{"line":227,"column":14},"end":{"line":227,"column":24}},"115":{"start":{"line":228,"column":2},"end":{"line":228,"column":76}},"116":{"start":{"line":226,"column":0},"end":{"line":226,"column":16}},"117":{"start":{"line":231,"column":31},"end":{"line":231,"column":null}},"118":{"start":{"line":232,"column":14},"end":{"line":232,"column":24}},"119":{"start":{"line":234,"column":2},"end":{"line":241,"column":4}},"120":{"start":{"line":231,"column":0},"end":{"line":231,"column":16}},"121":{"start":{"line":245,"column":14},"end":{"line":245,"column":24}},"122":{"start":{"line":246,"column":2},"end":{"line":246,"column":78}},"123":{"start":{"line":244,"column":0},"end":{"line":244,"column":16}},"124":{"start":{"line":250,"column":8},"end":{"line":250,"column":9}},"125":{"start":{"line":250,"column":9},"end":{"line":250,"column":12}},"126":{"start":{"line":250,"column":14},"end":{"line":250,"column":19}},"127":{"start":{"line":250,"column":21},"end":{"line":250,"column":44}},"128":{"start":{"line":252,"column":20},"end":{"line":252,"column":42}},"129":{"start":{"line":254,"column":2},"end":{"line":256,"column":null}},"130":{"start":{"line":255,"column":4},"end":{"line":255,"column":65}},"131":{"start":{"line":258,"column":2},"end":{"line":258,"column":18}},"132":{"start":{"line":249,"column":0},"end":{"line":249,"column":16}},"133":{"start":{"line":262,"column":2},"end":{"line":262,"column":32}},"134":{"start":{"line":261,"column":0},"end":{"line":261,"column":16}},"135":{"start":{"line":266,"column":14},"end":{"line":266,"column":24}},"136":{"start":{"line":267,"column":2},"end":{"line":272,"column":null}},"137":{"start":{"line":268,"column":4},"end":{"line":271,"column":6}},"138":{"start":{"line":273,"column":2},"end":{"line":276,"column":4}},"139":{"start":{"line":265,"column":0},"end":{"line":265,"column":16}},"140":{"start":{"line":280,"column":2},"end":{"line":280,"column":29}},"141":{"start":{"line":283,"column":17},"end":{"line":283,"column":38}},"142":{"start":{"line":284,"column":16},"end":{"line":284,"column":25}},"143":{"start":{"line":285,"column":17},"end":{"line":285,"column":42}},"144":{"start":{"line":286,"column":2},"end":{"line":286,"column":17}},"145":{"start":{"line":287,"column":2},"end":{"line":287,"column":57}},"146":{"start":{"line":282,"column":0},"end":{"line":282,"column":16}},"147":{"start":{"line":290,"column":13},"end":{"line":302,"column":2}},"148":{"start":{"line":290,"column":33},"end":{"line":290,"column":67}},"149":{"start":{"line":290,"column":67},"end":{"line":290,"column":99}},"150":{"start":{"line":290,"column":99},"end":{"line":290,"column":null}},"151":{"start":{"line":291,"column":2},"end":{"line":293,"column":null}},"152":{"start":{"line":292,"column":4},"end":{"line":292,"column":14}},"153":{"start":{"line":295,"column":15},"end":{"line":295,"column":39}},"154":{"start":{"line":297,"column":2},"end":{"line":299,"column":null}},"155":{"start":{"line":298,"column":4},"end":{"line":298,"column":20}},"156":{"start":{"line":301,"column":2},"end":{"line":301,"column":18}},"157":{"start":{"line":309,"column":13},"end":{"line":309,"column":70}},"158":{"start":{"line":309,"column":46},"end":{"line":309,"column":70}},"159":{"start":{"line":311,"column":13},"end":{"line":314,"column":14}},"160":{"start":{"line":312,"column":2},"end":{"line":314,"column":14}},"161":{"start":{"line":316,"column":13},"end":{"line":317,"column":76}},"162":{"start":{"line":317,"column":2},"end":{"line":317,"column":76}},"163":{"start":{"line":319,"column":13},"end":{"line":320,"column":68}},"164":{"start":{"line":320,"column":2},"end":{"line":320,"column":68}},"165":{"start":{"line":322,"column":13},"end":{"line":323,"column":79}},"166":{"start":{"line":322,"column":40},"end":{"line":322,"column":50}},"167":{"start":{"line":322,"column":52},"end":{"line":322,"column":60}},"168":{"start":{"line":323,"column":2},"end":{"line":323,"column":79}},"169":{"start":{"line":325,"column":13},"end":{"line":334,"column":2}},"170":{"start":{"line":327,"column":22},"end":{"line":327,"column":58}},"171":{"start":{"line":329,"column":4},"end":{"line":332,"column":7}}},"fnMap":{"0":{"name":"(anonymous_0)","decl":{"start":{"line":8,"column":25},"end":{"line":8,"column":26}},"loc":{"start":{"line":8,"column":74},"end":{"line":9,"column":8}}},"1":{"name":"(anonymous_1)","decl":{"start":{"line":11,"column":32},"end":{"line":11,"column":33}},"loc":{"start":{"line":11,"column":65},"end":{"line":16,"column":1}}},"2":{"name":"(anonymous_2)","decl":{"start":{"line":18,"column":28},"end":{"line":18,"column":29}},"loc":{"start":{"line":18,"column":97},"end":{"line":28,"column":1}}},"3":{"name":"(anonymous_3)","decl":{"start":{"line":30,"column":35},"end":{"line":30,"column":null}},"loc":{"start":{"line":30,"column":35},"end":{"line":37,"column":1}}},"4":{"name":"(anonymous_4)","decl":{"start":{"line":39,"column":46},"end":{"line":39,"column":47}},"loc":{"start":{"line":39,"column":56},"end":{"line":46,"column":1}}},"5":{"name":"(anonymous_5)","decl":{"start":{"line":47,"column":25},"end":{"line":47,"column":26}},"loc":{"start":{"line":47,"column":39},"end":{"line":48,"column":8}}},"6":{"name":"makeDate","decl":{"start":{"line":50,"column":16},"end":{"line":50,"column":24}},"loc":{"start":{"line":50,"column":29},"end":{"line":52,"column":1}}},"7":{"name":"makeUnixTime","decl":{"start":{"line":54,"column":16},"end":{"line":54,"column":28}},"loc":{"start":{"line":54,"column":33},"end":{"line":59,"column":1}}},"8":{"name":"makeTime","decl":{"start":{"line":61,"column":16},"end":{"line":61,"column":24}},"loc":{"start":{"line":61,"column":50},"end":{"line":66,"column":1}}},"9":{"name":"makeMinutes","decl":{"start":{"line":68,"column":16},"end":{"line":68,"column":27}},"loc":{"start":{"line":68,"column":32},"end":{"line":71,"column":1}}},"10":{"name":"getStartOfToday","decl":{"start":{"line":73,"column":16},"end":{"line":73,"column":31}},"loc":{"start":{"line":73,"column":31},"end":{"line":76,"column":1}}},"11":{"name":"createValidDate","decl":{"start":{"line":78,"column":16},"end":{"line":78,"column":31}},"loc":{"start":{"line":78,"column":36},"end":{"line":83,"column":1}}},"12":{"name":"createValidDateDots","decl":{"start":{"line":85,"column":16},"end":{"line":85,"column":35}},"loc":{"start":{"line":85,"column":40},"end":{"line":90,"column":1}}},"13":{"name":"createValidDateHM","decl":{"start":{"line":92,"column":16},"end":{"line":92,"column":33}},"loc":{"start":{"line":92,"column":38},"end":{"line":97,"column":1}}},"14":{"name":"createValidDateTime","decl":{"start":{"line":99,"column":16},"end":{"line":99,"column":35}},"loc":{"start":{"line":99,"column":40},"end":{"line":106,"column":1}}},"15":{"name":"formatDate","decl":{"start":{"line":108,"column":16},"end":{"line":108,"column":26}},"loc":{"start":{"line":108,"column":39},"end":{"line":114,"column":1}}},"16":{"name":"getFormattedDateTime","decl":{"start":{"line":116,"column":16},"end":{"line":116,"column":36}},"loc":{"start":{"line":116,"column":41},"end":{"line":123,"column":1}}},"17":{"name":"getFormattedDateTimeWithSecond","decl":{"start":{"line":125,"column":16},"end":{"line":125,"column":46}},"loc":{"start":{"line":125,"column":51},"end":{"line":132,"column":1}}},"18":{"name":"getFormattedTimeWithSecond","decl":{"start":{"line":134,"column":16},"end":{"line":134,"column":42}},"loc":{"start":{"line":134,"column":47},"end":{"line":139,"column":1}}},"19":{"name":"getFormattedDateTimeSeconds","decl":{"start":{"line":141,"column":16},"end":{"line":141,"column":43}},"loc":{"start":{"line":141,"column":48},"end":{"line":146,"column":1}}},"20":{"name":"makeDateFromUnix","decl":{"start":{"line":148,"column":16},"end":{"line":148,"column":32}},"loc":{"start":{"line":148,"column":37},"end":{"line":153,"column":1}}},"21":{"name":"makeUnixFromDate","decl":{"start":{"line":155,"column":16},"end":{"line":155,"column":32}},"loc":{"start":{"line":155,"column":37},"end":{"line":160,"column":1}}},"22":{"name":"getYesterday0am","decl":{"start":{"line":164,"column":16},"end":{"line":164,"column":31}},"loc":{"start":{"line":164,"column":31},"end":{"line":168,"column":1}}},"23":{"name":"getYesterday2359","decl":{"start":{"line":170,"column":16},"end":{"line":170,"column":32}},"loc":{"start":{"line":170,"column":32},"end":{"line":173,"column":1}}},"24":{"name":"getYesterday9am","decl":{"start":{"line":175,"column":16},"end":{"line":175,"column":31}},"loc":{"start":{"line":175,"column":31},"end":{"line":179,"column":1}}},"25":{"name":"getYesterdayYesterday0am","decl":{"start":{"line":181,"column":16},"end":{"line":181,"column":40}},"loc":{"start":{"line":181,"column":40},"end":{"line":185,"column":1}}},"26":{"name":"getYesterdayYesterday2359","decl":{"start":{"line":187,"column":16},"end":{"line":187,"column":41}},"loc":{"start":{"line":187,"column":41},"end":{"line":190,"column":1}}},"27":{"name":"getDate9am","decl":{"start":{"line":192,"column":16},"end":{"line":192,"column":26}},"loc":{"start":{"line":192,"column":31},"end":{"line":195,"column":1}}},"28":{"name":"getNextDay859am","decl":{"start":{"line":197,"column":16},"end":{"line":197,"column":31}},"loc":{"start":{"line":197,"column":36},"end":{"line":200,"column":1}}},"29":{"name":"getToday9am","decl":{"start":{"line":202,"column":16},"end":{"line":202,"column":27}},"loc":{"start":{"line":202,"column":39},"end":{"line":213,"column":1}}},"30":{"name":"getToday859am","decl":{"start":{"line":215,"column":16},"end":{"line":215,"column":29}},"loc":{"start":{"line":215,"column":29},"end":{"line":219,"column":1}}},"31":{"name":"getToday0am","decl":{"start":{"line":221,"column":16},"end":{"line":221,"column":27}},"loc":{"start":{"line":221,"column":27},"end":{"line":224,"column":1}}},"32":{"name":"getToday2359","decl":{"start":{"line":226,"column":16},"end":{"line":226,"column":28}},"loc":{"start":{"line":226,"column":28},"end":{"line":229,"column":1}}},"33":{"name":"getTomorrow9am","decl":{"start":{"line":231,"column":16},"end":{"line":231,"column":30}},"loc":{"start":{"line":231,"column":42},"end":{"line":242,"column":1}}},"34":{"name":"getTomorrow0am","decl":{"start":{"line":244,"column":16},"end":{"line":244,"column":30}},"loc":{"start":{"line":244,"column":30},"end":{"line":247,"column":1}}},"35":{"name":"makeDataFromRaw","decl":{"start":{"line":249,"column":16},"end":{"line":249,"column":31}},"loc":{"start":{"line":249,"column":77},"end":{"line":259,"column":1}}},"36":{"name":"isValidDate","decl":{"start":{"line":261,"column":16},"end":{"line":261,"column":27}},"loc":{"start":{"line":261,"column":32},"end":{"line":263,"column":1}}},"37":{"name":"getDatesByShift","decl":{"start":{"line":265,"column":16},"end":{"line":265,"column":31}},"loc":{"start":{"line":265,"column":31},"end":{"line":277,"column":1}}},"38":{"name":"pad","decl":{"start":{"line":279,"column":9},"end":{"line":279,"column":12}},"loc":{"start":{"line":279,"column":16},"end":{"line":281,"column":1}}},"39":{"name":"secondsToTime","decl":{"start":{"line":282,"column":16},"end":{"line":282,"column":29}},"loc":{"start":{"line":282,"column":34},"end":{"line":288,"column":1}}},"40":{"name":"(anonymous_40)","decl":{"start":{"line":290,"column":32},"end":{"line":290,"column":33}},"loc":{"start":{"line":290,"column":116},"end":{"line":302,"column":1}}},"41":{"name":"(anonymous_41)","decl":{"start":{"line":309,"column":36},"end":{"line":309,"column":37}},"loc":{"start":{"line":309,"column":41},"end":{"line":309,"column":52}}},"42":{"name":"(anonymous_42)","decl":{"start":{"line":311,"column":23},"end":{"line":311,"column":24}},"loc":{"start":{"line":311,"column":44},"end":{"line":312,"column":8}}},"43":{"name":"(anonymous_43)","decl":{"start":{"line":316,"column":29},"end":{"line":316,"column":30}},"loc":{"start":{"line":316,"column":42},"end":{"line":317,"column":11}}},"44":{"name":"(anonymous_44)","decl":{"start":{"line":319,"column":31},"end":{"line":319,"column":32}},"loc":{"start":{"line":319,"column":44},"end":{"line":320,"column":11}}},"45":{"name":"(anonymous_45)","decl":{"start":{"line":322,"column":37},"end":{"line":322,"column":38}},"loc":{"start":{"line":322,"column":62},"end":{"line":323,"column":11}}},"46":{"name":"(anonymous_46)","decl":{"start":{"line":326,"column":2},"end":{"line":326,"column":3}},"loc":{"start":{"line":326,"column":11},"end":{"line":333,"column":3}}}},"branchMap":{"0":{"loc":{"start":{"line":8,"column":40},"end":{"line":8,"column":62}},"type":"if","locations":[{"start":{"line":8,"column":40},"end":{"line":8,"column":62}},{"start":{"line":8,"column":40},"end":{"line":8,"column":62}}]},"1":{"loc":{"start":{"line":8,"column":62},"end":{"line":8,"column":null}},"type":"if","locations":[{"start":{"line":8,"column":62},"end":{"line":8,"column":null}},{"start":{"line":8,"column":62},"end":{"line":8,"column":null}}]},"2":{"loc":{"start":{"line":13,"column":4},"end":{"line":13,"column":39}},"type":"binary-expr","locations":[{"start":{"line":13,"column":4},"end":{"line":13,"column":39}},{"start":{"line":14,"column":7},"end":{"line":14,"column":44}}]},"3":{"loc":{"start":{"line":21,"column":6},"end":{"line":21,"column":55}},"type":"binary-expr","locations":[{"start":{"line":21,"column":6},"end":{"line":21,"column":55}},{"start":{"line":22,"column":9},"end":{"line":22,"column":60}},{"start":{"line":24,"column":6},"end":{"line":24,"column":53}},{"start":{"line":25,"column":9},"end":{"line":25,"column":58}}]},"4":{"loc":{"start":{"line":55,"column":2},"end":{"line":57,"column":null}},"type":"if","locations":[{"start":{"line":55,"column":2},"end":{"line":57,"column":null}},{"start":{"line":55,"column":2},"end":{"line":57,"column":null}}]},"5":{"loc":{"start":{"line":61,"column":31},"end":{"line":61,"column":null}},"type":"if","locations":[{"start":{"line":61,"column":31},"end":{"line":61,"column":null}},{"start":{"line":61,"column":31},"end":{"line":61,"column":null}}]},"6":{"loc":{"start":{"line":64,"column":46},"end":{"line":64,"column":51}},"type":"cond-expr","locations":[{"start":{"line":64,"column":46},"end":{"line":64,"column":51}},{"start":{"line":64,"column":54},"end":{"line":64,"column":56}}]},"7":{"loc":{"start":{"line":79,"column":2},"end":{"line":81,"column":null}},"type":"if","locations":[{"start":{"line":79,"column":2},"end":{"line":81,"column":null}},{"start":{"line":79,"column":2},"end":{"line":81,"column":null}}]},"8":{"loc":{"start":{"line":86,"column":2},"end":{"line":88,"column":null}},"type":"if","locations":[{"start":{"line":86,"column":2},"end":{"line":88,"column":null}},{"start":{"line":86,"column":2},"end":{"line":88,"column":null}}]},"9":{"loc":{"start":{"line":93,"column":2},"end":{"line":95,"column":null}},"type":"if","locations":[{"start":{"line":93,"column":2},"end":{"line":95,"column":null}},{"start":{"line":93,"column":2},"end":{"line":95,"column":null}}]},"10":{"loc":{"start":{"line":100,"column":2},"end":{"line":102,"column":null}},"type":"if","locations":[{"start":{"line":100,"column":2},"end":{"line":102,"column":null}},{"start":{"line":100,"column":2},"end":{"line":102,"column":null}}]},"11":{"loc":{"start":{"line":109,"column":2},"end":{"line":111,"column":null}},"type":"if","locations":[{"start":{"line":109,"column":2},"end":{"line":111,"column":null}},{"start":{"line":109,"column":2},"end":{"line":111,"column":null}}]},"12":{"loc":{"start":{"line":117,"column":2},"end":{"line":119,"column":null}},"type":"if","locations":[{"start":{"line":117,"column":2},"end":{"line":119,"column":null}},{"start":{"line":117,"column":2},"end":{"line":119,"column":null}}]},"13":{"loc":{"start":{"line":126,"column":2},"end":{"line":128,"column":null}},"type":"if","locations":[{"start":{"line":126,"column":2},"end":{"line":128,"column":null}},{"start":{"line":126,"column":2},"end":{"line":128,"column":null}}]},"14":{"loc":{"start":{"line":135,"column":2},"end":{"line":137,"column":null}},"type":"if","locations":[{"start":{"line":135,"column":2},"end":{"line":137,"column":null}},{"start":{"line":135,"column":2},"end":{"line":137,"column":null}}]},"15":{"loc":{"start":{"line":142,"column":2},"end":{"line":144,"column":null}},"type":"if","locations":[{"start":{"line":142,"column":2},"end":{"line":144,"column":null}},{"start":{"line":142,"column":2},"end":{"line":144,"column":null}}]},"16":{"loc":{"start":{"line":149,"column":2},"end":{"line":151,"column":null}},"type":"if","locations":[{"start":{"line":149,"column":2},"end":{"line":151,"column":null}},{"start":{"line":149,"column":2},"end":{"line":151,"column":null}}]},"17":{"loc":{"start":{"line":156,"column":2},"end":{"line":158,"column":null}},"type":"if","locations":[{"start":{"line":156,"column":2},"end":{"line":158,"column":null}},{"start":{"line":156,"column":2},"end":{"line":158,"column":null}}]},"18":{"loc":{"start":{"line":202,"column":28},"end":{"line":202,"column":null}},"type":"if","locations":[{"start":{"line":202,"column":28},"end":{"line":202,"column":null}},{"start":{"line":202,"column":28},"end":{"line":202,"column":null}}]},"19":{"loc":{"start":{"line":231,"column":31},"end":{"line":231,"column":null}},"type":"if","locations":[{"start":{"line":231,"column":31},"end":{"line":231,"column":null}},{"start":{"line":231,"column":31},"end":{"line":231,"column":null}}]},"20":{"loc":{"start":{"line":254,"column":2},"end":{"line":256,"column":null}},"type":"if","locations":[{"start":{"line":254,"column":2},"end":{"line":256,"column":null}},{"start":{"line":254,"column":2},"end":{"line":256,"column":null}}]},"21":{"loc":{"start":{"line":255,"column":48},"end":{"line":255,"column":55}},"type":"cond-expr","locations":[{"start":{"line":255,"column":48},"end":{"line":255,"column":55}},{"start":{"line":255,"column":58},"end":{"line":255,"column":62}}]},"22":{"loc":{"start":{"line":267,"column":2},"end":{"line":272,"column":null}},"type":"if","locations":[{"start":{"line":267,"column":2},"end":{"line":272,"column":null}},{"start":{"line":267,"column":2},"end":{"line":272,"column":null}}]},"23":{"loc":{"start":{"line":290,"column":33},"end":{"line":290,"column":67}},"type":"if","locations":[{"start":{"line":290,"column":33},"end":{"line":290,"column":67}},{"start":{"line":290,"column":33},"end":{"line":290,"column":67}}]},"24":{"loc":{"start":{"line":290,"column":67},"end":{"line":290,"column":99}},"type":"if","locations":[{"start":{"line":290,"column":67},"end":{"line":290,"column":99}},{"start":{"line":290,"column":67},"end":{"line":290,"column":99}}]},"25":{"loc":{"start":{"line":290,"column":99},"end":{"line":290,"column":null}},"type":"if","locations":[{"start":{"line":290,"column":99},"end":{"line":290,"column":null}},{"start":{"line":290,"column":99},"end":{"line":290,"column":null}}]},"26":{"loc":{"start":{"line":291,"column":2},"end":{"line":293,"column":null}},"type":"if","locations":[{"start":{"line":291,"column":2},"end":{"line":293,"column":null}},{"start":{"line":291,"column":2},"end":{"line":293,"column":null}}]},"27":{"loc":{"start":{"line":295,"column":15},"end":{"line":295,"column":25}},"type":"binary-expr","locations":[{"start":{"line":295,"column":15},"end":{"line":295,"column":25}},{"start":{"line":295,"column":29},"end":{"line":295,"column":39}}]},"28":{"loc":{"start":{"line":297,"column":2},"end":{"line":299,"column":null}},"type":"if","locations":[{"start":{"line":297,"column":2},"end":{"line":299,"column":null}},{"start":{"line":297,"column":2},"end":{"line":299,"column":null}}]},"29":{"loc":{"start":{"line":297,"column":6},"end":{"line":297,"column":45}},"type":"binary-expr","locations":[{"start":{"line":297,"column":6},"end":{"line":297,"column":45}},{"start":{"line":297,"column":49},"end":{"line":297,"column":86}}]},"30":{"loc":{"start":{"line":323,"column":2},"end":{"line":323,"column":39}},"type":"binary-expr","locations":[{"start":{"line":323,"column":2},"end":{"line":323,"column":39}},{"start":{"line":323,"column":43},"end":{"line":323,"column":78}}]}},"s":{"0":1,"1":1,"2":1,"3":1,"4":1,"5":1,"6":0,"7":0,"8":0,"9":1,"10":0,"11":1,"12":0,"13":1,"14":0,"15":0,"16":0,"17":1,"18":0,"19":0,"20":0,"21":1,"22":0,"23":0,"24":1,"25":0,"26":0,"27":0,"28":1,"29":0,"30":0,"31":0,"32":1,"33":0,"34":0,"35":1,"36":0,"37":0,"38":1,"39":0,"40":0,"41":0,"42":1,"43":0,"44":0,"45":0,"46":1,"47":0,"48":0,"49":0,"50":1,"51":0,"52":0,"53":0,"54":1,"55":0,"56":0,"57":0,"58":1,"59":0,"60":0,"61":0,"62":1,"63":0,"64":0,"65":0,"66":1,"67":0,"68":0,"69":0,"70":1,"71":0,"72":0,"73":0,"74":1,"75":0,"76":0,"77":0,"78":1,"79":0,"80":0,"81":0,"82":1,"83":0,"84":0,"85":1,"86":0,"87":0,"88":1,"89":0,"90":0,"91":1,"92":0,"93":0,"94":1,"95":0,"96":0,"97":1,"98":0,"99":0,"100":1,"101":0,"102":0,"103":1,"104":0,"105":0,"106":0,"107":1,"108":0,"109":0,"110":1,"111":0,"112":0,"113":1,"114":0,"115":0,"116":1,"117":0,"118":0,"119":0,"120":1,"121":0,"122":0,"123":1,"124":0,"125":0,"126":0,"127":0,"128":0,"129":0,"130":0,"131":0,"132":1,"133":0,"134":1,"135":0,"136":0,"137":0,"138":0,"139":1,"140":0,"141":0,"142":0,"143":0,"144":0,"145":0,"146":1,"147":1,"148":0,"149":0,"150":0,"151":0,"152":0,"153":0,"154":0,"155":0,"156":0,"157":1,"158":0,"159":1,"160":0,"161":1,"162":0,"163":1,"164":0,"165":1,"166":0,"167":0,"168":0,"169":1,"170":12,"171":12},"f":{"0":0,"1":0,"2":0,"3":0,"4":0,"5":0,"6":0,"7":0,"8":0,"9":0,"10":0,"11":0,"12":0,"13":0,"14":0,"15":0,"16":0,"17":0,"18":0,"19":0,"20":0,"21":0,"22":0,"23":0,"24":0,"25":0,"26":0,"27":0,"28":0,"29":0,"30":0,"31":0,"32":0,"33":0,"34":0,"35":0,"36":0,"37":0,"38":0,"39":0,"40":0,"41":0,"42":0,"43":0,"44":0,"45":0,"46":12},"b":{"0":[0,0],"1":[0,0],"2":[0,0],"3":[0,0,0,0],"4":[0,0],"5":[0,0],"6":[0,0],"7":[0,0],"8":[0,0],"9":[0,0],"10":[0,0],"11":[0,0],"12":[0,0],"13":[0,0],"14":[0,0],"15":[0,0],"16":[0,0],"17":[0,0],"18":[0,0],"19":[0,0],"20":[0,0],"21":[0,0],"22":[0,0],"23":[0,0],"24":[0,0],"25":[0,0],"26":[0,0],"27":[0,0],"28":[0,0],"29":[0,0],"30":[0,0]}}
,"C:\\project\\ets-frontend\\src\\utils\\functions.ts": {"path":"C:\\project\\ets-frontend\\src\\utils\\functions.ts","statementMap":{"0":{"start":{"line":6,"column":0},"end":{"line":6,"column":56}},"1":{"start":{"line":7,"column":0},"end":{"line":7,"column":38}},"2":{"start":{"line":16,"column":13},"end":{"line":16,"column":50}},"3":{"start":{"line":24,"column":13},"end":{"line":25,"column":31}},"4":{"start":{"line":24,"column":26},"end":{"line":24,"column":39}},"5":{"start":{"line":25,"column":2},"end":{"line":25,"column":31}},"6":{"start":{"line":32,"column":13},"end":{"line":33,"column":28}},"7":{"start":{"line":32,"column":27},"end":{"line":32,"column":40}},"8":{"start":{"line":33,"column":2},"end":{"line":33,"column":28}},"9":{"start":{"line":39,"column":13},"end":{"line":40,"column":34}},"10":{"start":{"line":39,"column":29},"end":{"line":39,"column":42}},"11":{"start":{"line":40,"column":2},"end":{"line":40,"column":34}},"12":{"start":{"line":46,"column":13},"end":{"line":47,"column":33}},"13":{"start":{"line":46,"column":30},"end":{"line":46,"column":43}},"14":{"start":{"line":47,"column":2},"end":{"line":47,"column":33}},"15":{"start":{"line":55,"column":2},"end":{"line":55,"column":56}},"16":{"start":{"line":54,"column":0},"end":{"line":54,"column":16}},"17":{"start":{"line":74,"column":2},"end":{"line":76,"column":null}},"18":{"start":{"line":75,"column":4},"end":{"line":75,"column":16}},"19":{"start":{"line":77,"column":2},"end":{"line":79,"column":null}},"20":{"start":{"line":78,"column":4},"end":{"line":78,"column":16}},"21":{"start":{"line":80,"column":2},"end":{"line":80,"column":15}},"22":{"start":{"line":73,"column":0},"end":{"line":73,"column":16}},"23":{"start":{"line":83,"column":13},"end":{"line":83,"column":94}},"24":{"start":{"line":83,"column":43},"end":{"line":83,"column":94}},"25":{"start":{"line":86,"column":2},"end":{"line":88,"column":null}},"26":{"start":{"line":87,"column":4},"end":{"line":87,"column":11}},"27":{"start":{"line":89,"column":2},"end":{"line":104,"column":null}},"28":{"start":{"line":90,"column":4},"end":{"line":90,"column":62}},"29":{"start":{"line":92,"column":16},"end":{"line":92,"column":48}},"30":{"start":{"line":94,"column":14},"end":{"line":94,"column":41}},"31":{"start":{"line":95,"column":4},"end":{"line":95,"column":28}},"32":{"start":{"line":96,"column":4},"end":{"line":96,"column":17}},"33":{"start":{"line":97,"column":4},"end":{"line":97,"column":41}},"34":{"start":{"line":99,"column":4},"end":{"line":99,"column":33}},"35":{"start":{"line":100,"column":4},"end":{"line":100,"column":14}},"36":{"start":{"line":101,"column":4},"end":{"line":101,"column":33}},"37":{"start":{"line":103,"column":4},"end":{"line":103,"column":60}},"38":{"start":{"line":103,"column":21},"end":{"line":103,"column":54}},"39":{"start":{"line":85,"column":0},"end":{"line":85,"column":16}},"40":{"start":{"line":108,"column":13},"end":{"line":108,"column":32}},"41":{"start":{"line":111,"column":4},"end":{"line":112,"column":6}},"42":{"start":{"line":114,"column":2},"end":{"line":120,"column":null}},"43":{"start":{"line":115,"column":4},"end":{"line":115,"column":43}},"44":{"start":{"line":116,"column":4},"end":{"line":119,"column":6}},"45":{"start":{"line":121,"column":2},"end":{"line":129,"column":null}},"46":{"start":{"line":122,"column":4},"end":{"line":122,"column":40}},"47":{"start":{"line":123,"column":4},"end":{"line":128,"column":null}},"48":{"start":{"line":124,"column":6},"end":{"line":127,"column":8}},"49":{"start":{"line":130,"column":2},"end":{"line":130,"column":76}},"50":{"start":{"line":131,"column":2},"end":{"line":131,"column":36}},"51":{"start":{"line":133,"column":2},"end":{"line":135,"column":null}},"52":{"start":{"line":134,"column":4},"end":{"line":134,"column":27}},"53":{"start":{"line":136,"column":2},"end":{"line":139,"column":4}},"54":{"start":{"line":147,"column":14},"end":{"line":148,"column":null}},"55":{"start":{"line":150,"column":17},"end":{"line":150,"column":49}},"56":{"start":{"line":151,"column":2},"end":{"line":151,"column":36}},"57":{"start":{"line":152,"column":2},"end":{"line":152,"column":31}},"58":{"start":{"line":153,"column":2},"end":{"line":153,"column":19}},"59":{"start":{"line":154,"column":2},"end":{"line":166,"column":null}},"60":{"start":{"line":155,"column":4},"end":{"line":159,"column":10}},"61":{"start":{"line":156,"column":6},"end":{"line":156,"column":21}},"62":{"start":{"line":157,"column":6},"end":{"line":157,"column":35}},"63":{"start":{"line":158,"column":6},"end":{"line":158,"column":38}},"64":{"start":{"line":161,"column":4},"end":{"line":165,"column":6}},"65":{"start":{"line":162,"column":6},"end":{"line":162,"column":21}},"66":{"start":{"line":163,"column":6},"end":{"line":163,"column":35}},"67":{"start":{"line":164,"column":6},"end":{"line":164,"column":38}},"68":{"start":{"line":146,"column":0},"end":{"line":146,"column":16}},"69":{"start":{"line":177,"column":2},"end":{"line":179,"column":null}},"70":{"start":{"line":178,"column":4},"end":{"line":178,"column":59}},"71":{"start":{"line":180,"column":2},"end":{"line":180,"column":14}},"72":{"start":{"line":176,"column":0},"end":{"line":176,"column":16}},"73":{"start":{"line":190,"column":25},"end":{"line":190,"column":59}},"74":{"start":{"line":191,"column":2},"end":{"line":191,"column":75}},"75":{"start":{"line":191,"column":52},"end":{"line":191,"column":74}},"76":{"start":{"line":193,"column":17},"end":{"line":193,"column":70}},"77":{"start":{"line":195,"column":2},"end":{"line":197,"column":null}},"78":{"start":{"line":196,"column":4},"end":{"line":196,"column":16}},"79":{"start":{"line":199,"column":14},"end":{"line":199,"column":37}},"80":{"start":{"line":200,"column":16},"end":{"line":200,"column":39}},"81":{"start":{"line":201,"column":15},"end":{"line":201,"column":38}},"82":{"start":{"line":202,"column":2},"end":{"line":202,"column":55}},"83":{"start":{"line":189,"column":0},"end":{"line":189,"column":16}},"84":{"start":{"line":205,"column":13},"end":{"line":232,"column":2}},"85":{"start":{"line":206,"column":2},"end":{"line":231,"column":5}},"86":{"start":{"line":207,"column":19},"end":{"line":207,"column":51}},"87":{"start":{"line":208,"column":16},"end":{"line":208,"column":39}},"88":{"start":{"line":210,"column":18},"end":{"line":210,"column":29}},"89":{"start":{"line":211,"column":4},"end":{"line":227,"column":6}},"90":{"start":{"line":212,"column":6},"end":{"line":212,"column":33}},"91":{"start":{"line":213,"column":6},"end":{"line":213,"column":35}},"92":{"start":{"line":214,"column":6},"end":{"line":224,"column":8}},"93":{"start":{"line":226,"column":6},"end":{"line":226,"column":18}},"94":{"start":{"line":229,"column":4},"end":{"line":229,"column":36}},"95":{"start":{"line":230,"column":4},"end":{"line":230,"column":20}},"96":{"start":{"line":235,"column":2},"end":{"line":235,"column":83}},"97":{"start":{"line":235,"column":52},"end":{"line":235,"column":82}},"98":{"start":{"line":234,"column":0},"end":{"line":234,"column":16}},"99":{"start":{"line":243,"column":12},"end":{"line":243,"column":14}},"100":{"start":{"line":245,"column":2},"end":{"line":254,"column":5}},"101":{"start":{"line":246,"column":4},"end":{"line":253,"column":null}},"102":{"start":{"line":247,"column":6},"end":{"line":250,"column":9}},"103":{"start":{"line":248,"column":8},"end":{"line":248,"column":31}},"104":{"start":{"line":249,"column":8},"end":{"line":249,"column":49}},"105":{"start":{"line":252,"column":6},"end":{"line":252,"column":28}},"106":{"start":{"line":256,"column":2},"end":{"line":256,"column":11}},"107":{"start":{"line":242,"column":0},"end":{"line":242,"column":16}},"108":{"start":{"line":259,"column":13},"end":{"line":259,"column":66}},"109":{"start":{"line":259,"column":26},"end":{"line":259,"column":40}},"110":{"start":{"line":259,"column":40},"end":{"line":259,"column":66}},"111":{"start":{"line":260,"column":13},"end":{"line":260,"column":66}},"112":{"start":{"line":260,"column":26},"end":{"line":260,"column":40}},"113":{"start":{"line":260,"column":40},"end":{"line":260,"column":66}},"114":{"start":{"line":261,"column":13},"end":{"line":261,"column":66}},"115":{"start":{"line":261,"column":26},"end":{"line":261,"column":40}},"116":{"start":{"line":261,"column":40},"end":{"line":261,"column":66}},"117":{"start":{"line":264,"column":16},"end":{"line":264,"column":18}},"118":{"start":{"line":265,"column":2},"end":{"line":267,"column":null}},"119":{"start":{"line":265,"column":21},"end":{"line":265,"column":33}},"120":{"start":{"line":265,"column":17},"end":{"line":265,"column":21}},"121":{"start":{"line":266,"column":4},"end":{"line":266,"column":21}},"122":{"start":{"line":269,"column":2},"end":{"line":269,"column":15}},"123":{"start":{"line":263,"column":0},"end":{"line":263,"column":16}},"124":{"start":{"line":272,"column":13},"end":{"line":273,"column":42}},"125":{"start":{"line":273,"column":2},"end":{"line":273,"column":42}},"126":{"start":{"line":280,"column":13},"end":{"line":280,"column":39}},"127":{"start":{"line":282,"column":15},"end":{"line":282,"column":34}},"128":{"start":{"line":283,"column":2},"end":{"line":286,"column":null}},"129":{"start":{"line":285,"column":4},"end":{"line":285,"column":71}},"130":{"start":{"line":288,"column":18},"end":{"line":288,"column":40}},"131":{"start":{"line":289,"column":2},"end":{"line":293,"column":null}},"132":{"start":{"line":291,"column":15},"end":{"line":291,"column":32}},"133":{"start":{"line":292,"column":4},"end":{"line":292,"column":67}},"134":{"start":{"line":295,"column":15},"end":{"line":295,"column":34}},"135":{"start":{"line":296,"column":2},"end":{"line":299,"column":null}},"136":{"start":{"line":298,"column":4},"end":{"line":298,"column":71}},"137":{"start":{"line":302,"column":2},"end":{"line":302,"column":15}},"138":{"start":{"line":279,"column":0},"end":{"line":279,"column":16}},"139":{"start":{"line":310,"column":13},"end":{"line":325,"column":2}},"140":{"start":{"line":310,"column":63},"end":{"line":325,"column":2}},"141":{"start":{"line":311,"column":8},"end":{"line":311,"column":46}},"142":{"start":{"line":312,"column":2},"end":{"line":312,"column":19}},"143":{"start":{"line":313,"column":2},"end":{"line":313,"column":36}},"144":{"start":{"line":314,"column":2},"end":{"line":314,"column":24}},"145":{"start":{"line":316,"column":8},"end":{"line":316,"column":50}},"146":{"start":{"line":317,"column":2},"end":{"line":317,"column":46}},"147":{"start":{"line":318,"column":2},"end":{"line":318,"column":30}},"148":{"start":{"line":319,"column":2},"end":{"line":319,"column":39}},"149":{"start":{"line":321,"column":17},"end":{"line":321,"column":null}},"150":{"start":{"line":321,"column":8},"end":{"line":321,"column":null}},"151":{"start":{"line":322,"column":2},"end":{"line":322,"column":39}},"152":{"start":{"line":324,"column":2},"end":{"line":324,"column":16}},"153":{"start":{"line":331,"column":13},"end":{"line":333,"column":2}},"154":{"start":{"line":332,"column":2},"end":{"line":332,"column":30}}},"fnMap":{"0":{"name":"(anonymous_14)","decl":{"start":{"line":24,"column":25},"end":{"line":24,"column":26}},"loc":{"start":{"line":24,"column":49},"end":{"line":25,"column":10}}},"1":{"name":"(anonymous_15)","decl":{"start":{"line":32,"column":26},"end":{"line":32,"column":27}},"loc":{"start":{"line":32,"column":50},"end":{"line":33,"column":7}}},"2":{"name":"(anonymous_16)","decl":{"start":{"line":39,"column":28},"end":{"line":39,"column":29}},"loc":{"start":{"line":39,"column":52},"end":{"line":40,"column":3}}},"3":{"name":"(anonymous_17)","decl":{"start":{"line":46,"column":29},"end":{"line":46,"column":30}},"loc":{"start":{"line":46,"column":53},"end":{"line":47,"column":3}}},"4":{"name":"isNotNull","decl":{"start":{"line":54,"column":16},"end":{"line":54,"column":25}},"loc":{"start":{"line":54,"column":31},"end":{"line":56,"column":1}}},"5":{"name":"isEmpty","decl":{"start":{"line":73,"column":16},"end":{"line":73,"column":23}},"loc":{"start":{"line":73,"column":29},"end":{"line":81,"column":1}}},"6":{"name":"(anonymous_20)","decl":{"start":{"line":83,"column":25},"end":{"line":83,"column":26}},"loc":{"start":{"line":83,"column":38},"end":{"line":83,"column":47}}},"7":{"name":"saveData","decl":{"start":{"line":85,"column":16},"end":{"line":85,"column":24}},"loc":{"start":{"line":85,"column":39},"end":{"line":105,"column":1}}},"8":{"name":"(anonymous_22)","decl":{"start":{"line":103,"column":15},"end":{"line":103,"column":21}},"loc":{"start":{"line":103,"column":15},"end":{"line":103,"column":27}}},"9":{"name":"get_browser","decl":{"start":{"line":107,"column":9},"end":{"line":107,"column":20}},"loc":{"start":{"line":107,"column":20},"end":{"line":140,"column":1}}},"10":{"name":"printData","decl":{"start":{"line":146,"column":16},"end":{"line":146,"column":25}},"loc":{"start":{"line":146,"column":30},"end":{"line":167,"column":1}}},"11":{"name":"(anonymous_25)","decl":{"start":{"line":155,"column":15},"end":{"line":155,"column":null}},"loc":{"start":{"line":155,"column":15},"end":{"line":159,"column":5}}},"12":{"name":"(anonymous_26)","decl":{"start":{"line":161,"column":20},"end":{"line":161,"column":null}},"loc":{"start":{"line":161,"column":20},"end":{"line":165,"column":5}}},"13":{"name":"hasMotohours","decl":{"start":{"line":176,"column":16},"end":{"line":176,"column":28}},"loc":{"start":{"line":176,"column":43},"end":{"line":181,"column":1}}},"14":{"name":"hexToRgba","decl":{"start":{"line":189,"column":16},"end":{"line":189,"column":25}},"loc":{"start":{"line":189,"column":38},"end":{"line":203,"column":1}}},"15":{"name":"(anonymous_29)","decl":{"start":{"line":191,"column":36},"end":{"line":191,"column":37}},"loc":{"start":{"line":191,"column":47},"end":{"line":191,"column":53}}},"16":{"name":"(anonymous_30)","decl":{"start":{"line":205,"column":33},"end":{"line":205,"column":34}},"loc":{"start":{"line":205,"column":45},"end":{"line":232,"column":1}}},"17":{"name":"(anonymous_31)","decl":{"start":{"line":206,"column":21},"end":{"line":206,"column":22}},"loc":{"start":{"line":206,"column":25},"end":{"line":231,"column":3}}},"18":{"name":"(anonymous_32)","decl":{"start":{"line":211,"column":19},"end":{"line":211,"column":null}},"loc":{"start":{"line":211,"column":19},"end":{"line":227,"column":5}}},"19":{"name":"resizeBase64","decl":{"start":{"line":234,"column":16},"end":{"line":234,"column":28}},"loc":{"start":{"line":234,"column":35},"end":{"line":236,"column":1}}},"20":{"name":"(anonymous_34)","decl":{"start":{"line":235,"column":40},"end":{"line":235,"column":41}},"loc":{"start":{"line":235,"column":47},"end":{"line":235,"column":58}}},"21":{"name":"flattenObject","decl":{"start":{"line":242,"column":16},"end":{"line":242,"column":29}},"loc":{"start":{"line":242,"column":41},"end":{"line":257,"column":1}}},"22":{"name":"(anonymous_36)","decl":{"start":{"line":245,"column":35},"end":{"line":245,"column":36}},"loc":{"start":{"line":245,"column":37},"end":{"line":254,"column":3}}},"23":{"name":"(anonymous_37)","decl":{"start":{"line":247,"column":48},"end":{"line":247,"column":49}},"loc":{"start":{"line":247,"column":52},"end":{"line":250,"column":7}}},"24":{"name":"(anonymous_38)","decl":{"start":{"line":259,"column":25},"end":{"line":259,"column":26}},"loc":{"start":{"line":259,"column":35},"end":{"line":259,"column":45}}},"25":{"name":"(anonymous_39)","decl":{"start":{"line":260,"column":25},"end":{"line":260,"column":26}},"loc":{"start":{"line":260,"column":35},"end":{"line":260,"column":45}}},"26":{"name":"(anonymous_40)","decl":{"start":{"line":261,"column":25},"end":{"line":261,"column":26}},"loc":{"start":{"line":261,"column":35},"end":{"line":261,"column":45}}},"27":{"name":"fromIterableListToArray","decl":{"start":{"line":263,"column":16},"end":{"line":263,"column":39}},"loc":{"start":{"line":263,"column":52},"end":{"line":270,"column":1}}},"28":{"name":"(anonymous_42)","decl":{"start":{"line":272,"column":36},"end":{"line":272,"column":37}},"loc":{"start":{"line":272,"column":43},"end":{"line":273,"column":28}}},"29":{"name":"detectIE","decl":{"start":{"line":279,"column":16},"end":{"line":279,"column":24}},"loc":{"start":{"line":279,"column":24},"end":{"line":303,"column":1}}},"30":{"name":"(anonymous_44)","decl":{"start":{"line":310,"column":29},"end":{"line":310,"column":36}},"loc":{"start":{"line":310,"column":63},"end":{"line":325,"column":2}}},"31":{"name":"(anonymous_45)","decl":{"start":{"line":310,"column":63},"end":{"line":310,"column":null}},"loc":{"start":{"line":310,"column":63},"end":{"line":325,"column":2}}},"32":{"name":"(anonymous_47)","decl":{"start":{"line":331,"column":34},"end":{"line":331,"column":35}},"loc":{"start":{"line":331,"column":55},"end":{"line":333,"column":1}}}},"branchMap":{"0":{"loc":{"start":{"line":24,"column":26},"end":{"line":24,"column":39}},"type":"if","locations":[{"start":{"line":24,"column":26},"end":{"line":24,"column":39}},{"start":{"line":24,"column":26},"end":{"line":24,"column":39}}]},"1":{"loc":{"start":{"line":32,"column":27},"end":{"line":32,"column":40}},"type":"if","locations":[{"start":{"line":32,"column":27},"end":{"line":32,"column":40}},{"start":{"line":32,"column":27},"end":{"line":32,"column":40}}]},"2":{"loc":{"start":{"line":39,"column":29},"end":{"line":39,"column":42}},"type":"if","locations":[{"start":{"line":39,"column":29},"end":{"line":39,"column":42}},{"start":{"line":39,"column":29},"end":{"line":39,"column":42}}]},"3":{"loc":{"start":{"line":46,"column":30},"end":{"line":46,"column":43}},"type":"if","locations":[{"start":{"line":46,"column":30},"end":{"line":46,"column":43}},{"start":{"line":46,"column":30},"end":{"line":46,"column":43}}]},"4":{"loc":{"start":{"line":55,"column":9},"end":{"line":55,"column":37}},"type":"binary-expr","locations":[{"start":{"line":55,"column":9},"end":{"line":55,"column":37}},{"start":{"line":55,"column":41},"end":{"line":55,"column":55}}]},"5":{"loc":{"start":{"line":74,"column":2},"end":{"line":76,"column":null}},"type":"if","locations":[{"start":{"line":74,"column":2},"end":{"line":76,"column":null}},{"start":{"line":74,"column":2},"end":{"line":76,"column":null}}]},"6":{"loc":{"start":{"line":77,"column":2},"end":{"line":79,"column":null}},"type":"if","locations":[{"start":{"line":77,"column":2},"end":{"line":79,"column":null}},{"start":{"line":77,"column":2},"end":{"line":79,"column":null}}]},"7":{"loc":{"start":{"line":77,"column":6},"end":{"line":77,"column":31}},"type":"binary-expr","locations":[{"start":{"line":77,"column":6},"end":{"line":77,"column":31}},{"start":{"line":77,"column":35},"end":{"line":77,"column":53}}]},"8":{"loc":{"start":{"line":86,"column":2},"end":{"line":88,"column":null}},"type":"if","locations":[{"start":{"line":86,"column":2},"end":{"line":88,"column":null}},{"start":{"line":86,"column":2},"end":{"line":88,"column":null}}]},"9":{"loc":{"start":{"line":86,"column":6},"end":{"line":86,"column":19}},"type":"binary-expr","locations":[{"start":{"line":86,"column":6},"end":{"line":86,"column":19}},{"start":{"line":86,"column":23},"end":{"line":86,"column":40}}]},"10":{"loc":{"start":{"line":89,"column":2},"end":{"line":104,"column":null}},"type":"if","locations":[{"start":{"line":89,"column":2},"end":{"line":104,"column":null}},{"start":{"line":89,"column":2},"end":{"line":104,"column":null}}]},"11":{"loc":{"start":{"line":90,"column":37},"end":{"line":90,"column":45}},"type":"binary-expr","locations":[{"start":{"line":90,"column":37},"end":{"line":90,"column":45}},{"start":{"line":90,"column":49},"end":{"line":90,"column":60}}]},"12":{"loc":{"start":{"line":97,"column":17},"end":{"line":97,"column":25}},"type":"binary-expr","locations":[{"start":{"line":97,"column":17},"end":{"line":97,"column":25}},{"start":{"line":97,"column":29},"end":{"line":97,"column":40}}]},"13":{"loc":{"start":{"line":111,"column":4},"end":{"line":111,"column":76}},"type":"binary-expr","locations":[{"start":{"line":111,"column":4},"end":{"line":111,"column":76}},{"start":{"line":112,"column":4},"end":{"line":112,"column":6}}]},"14":{"loc":{"start":{"line":114,"column":2},"end":{"line":120,"column":null}},"type":"if","locations":[{"start":{"line":114,"column":2},"end":{"line":120,"column":null}},{"start":{"line":114,"column":2},"end":{"line":120,"column":null}}]},"15":{"loc":{"start":{"line":115,"column":10},"end":{"line":115,"column":36}},"type":"binary-expr","locations":[{"start":{"line":115,"column":10},"end":{"line":115,"column":36}},{"start":{"line":115,"column":40},"end":{"line":115,"column":42}}]},"16":{"loc":{"start":{"line":118,"column":15},"end":{"line":118,"column":21}},"type":"binary-expr","locations":[{"start":{"line":118,"column":15},"end":{"line":118,"column":21}},{"start":{"line":118,"column":25},"end":{"line":118,"column":27}}]},"17":{"loc":{"start":{"line":121,"column":2},"end":{"line":129,"column":null}},"type":"if","locations":[{"start":{"line":121,"column":2},"end":{"line":129,"column":null}},{"start":{"line":121,"column":2},"end":{"line":129,"column":null}}]},"18":{"loc":{"start":{"line":123,"column":4},"end":{"line":128,"column":null}},"type":"if","locations":[{"start":{"line":123,"column":4},"end":{"line":128,"column":null}},{"start":{"line":123,"column":4},"end":{"line":128,"column":null}}]},"19":{"loc":{"start":{"line":130,"column":13},"end":{"line":130,"column":25}},"type":"cond-expr","locations":[{"start":{"line":130,"column":13},"end":{"line":130,"column":25}},{"start":{"line":130,"column":28},"end":{"line":130,"column":75}}]},"20":{"loc":{"start":{"line":133,"column":2},"end":{"line":135,"column":null}},"type":"if","locations":[{"start":{"line":133,"column":2},"end":{"line":135,"column":null}},{"start":{"line":133,"column":2},"end":{"line":135,"column":null}}]},"21":{"loc":{"start":{"line":154,"column":2},"end":{"line":166,"column":null}},"type":"if","locations":[{"start":{"line":154,"column":2},"end":{"line":166,"column":null}},{"start":{"line":154,"column":2},"end":{"line":166,"column":null}}]},"22":{"loc":{"start":{"line":177,"column":2},"end":{"line":179,"column":null}},"type":"if","locations":[{"start":{"line":177,"column":2},"end":{"line":179,"column":null}},{"start":{"line":177,"column":2},"end":{"line":179,"column":null}}]},"23":{"loc":{"start":{"line":195,"column":2},"end":{"line":197,"column":null}},"type":"if","locations":[{"start":{"line":195,"column":2},"end":{"line":197,"column":null}},{"start":{"line":195,"column":2},"end":{"line":197,"column":null}}]},"24":{"loc":{"start":{"line":246,"column":4},"end":{"line":253,"column":null}},"type":"if","locations":[{"start":{"line":246,"column":4},"end":{"line":253,"column":null}},{"start":{"line":246,"column":4},"end":{"line":253,"column":null}}]},"25":{"loc":{"start":{"line":259,"column":26},"end":{"line":259,"column":40}},"type":"if","locations":[{"start":{"line":259,"column":26},"end":{"line":259,"column":40}},{"start":{"line":259,"column":26},"end":{"line":259,"column":40}}]},"26":{"loc":{"start":{"line":260,"column":26},"end":{"line":260,"column":40}},"type":"if","locations":[{"start":{"line":260,"column":26},"end":{"line":260,"column":40}},{"start":{"line":260,"column":26},"end":{"line":260,"column":40}}]},"27":{"loc":{"start":{"line":261,"column":26},"end":{"line":261,"column":40}},"type":"if","locations":[{"start":{"line":261,"column":26},"end":{"line":261,"column":40}},{"start":{"line":261,"column":26},"end":{"line":261,"column":40}}]},"28":{"loc":{"start":{"line":283,"column":2},"end":{"line":286,"column":null}},"type":"if","locations":[{"start":{"line":283,"column":2},"end":{"line":286,"column":null}},{"start":{"line":283,"column":2},"end":{"line":286,"column":null}}]},"29":{"loc":{"start":{"line":289,"column":2},"end":{"line":293,"column":null}},"type":"if","locations":[{"start":{"line":289,"column":2},"end":{"line":293,"column":null}},{"start":{"line":289,"column":2},"end":{"line":293,"column":null}}]},"30":{"loc":{"start":{"line":296,"column":2},"end":{"line":299,"column":null}},"type":"if","locations":[{"start":{"line":296,"column":2},"end":{"line":299,"column":null}},{"start":{"line":296,"column":2},"end":{"line":299,"column":null}}]}},"s":{"0":2,"1":1,"2":1,"3":1,"4":0,"5":0,"6":1,"7":0,"8":0,"9":1,"10":0,"11":0,"12":1,"13":0,"14":0,"15":0,"16":1,"17":0,"18":0,"19":0,"20":0,"21":0,"22":1,"23":1,"24":0,"25":0,"26":0,"27":0,"28":0,"29":0,"30":0,"31":0,"32":0,"33":0,"34":0,"35":0,"36":0,"37":0,"38":0,"39":1,"40":0,"41":0,"42":0,"43":0,"44":0,"45":0,"46":0,"47":0,"48":0,"49":0,"50":0,"51":0,"52":0,"53":0,"54":0,"55":0,"56":0,"57":0,"58":0,"59":0,"60":0,"61":0,"62":0,"63":0,"64":0,"65":0,"66":0,"67":0,"68":1,"69":0,"70":0,"71":0,"72":1,"73":0,"74":0,"75":0,"76":0,"77":0,"78":0,"79":0,"80":0,"81":0,"82":0,"83":1,"84":1,"85":0,"86":0,"87":0,"88":0,"89":0,"90":0,"91":0,"92":0,"93":0,"94":0,"95":0,"96":0,"97":0,"98":1,"99":0,"100":0,"101":0,"102":0,"103":0,"104":0,"105":0,"106":0,"107":1,"108":1,"109":0,"110":0,"111":1,"112":0,"113":0,"114":1,"115":0,"116":0,"117":0,"118":0,"119":0,"120":0,"121":0,"122":0,"123":1,"124":1,"125":0,"126":0,"127":0,"128":0,"129":0,"130":0,"131":0,"132":0,"133":0,"134":0,"135":0,"136":0,"137":0,"138":1,"139":1,"140":0,"141":0,"142":0,"143":0,"144":0,"145":0,"146":0,"147":0,"148":0,"149":0,"150":0,"151":0,"152":0,"153":1,"154":0},"f":{"0":0,"1":0,"2":0,"3":0,"4":0,"5":0,"6":0,"7":0,"8":0,"9":0,"10":0,"11":0,"12":0,"13":0,"14":0,"15":0,"16":0,"17":0,"18":0,"19":0,"20":0,"21":0,"22":0,"23":0,"24":0,"25":0,"26":0,"27":0,"28":0,"29":0,"30":0,"31":0,"32":0},"b":{"0":[0,0],"1":[0,0],"2":[0,0],"3":[0,0],"4":[0,0],"5":[0,0],"6":[0,0],"7":[0,0],"8":[0,0],"9":[0,0],"10":[0,0],"11":[0,0],"12":[0,0],"13":[0,0],"14":[0,0],"15":[0,0],"16":[0,0],"17":[0,0],"18":[0,0],"19":[0,0],"20":[0,0],"21":[0,0],"22":[0,0],"23":[0,0],"24":[0,0],"25":[0,0],"26":[0,0],"27":[0,0],"28":[0,0],"29":[0,0],"30":[0,0]}}
}
