TN:
SF:C:\project\ets-frontend\src\components\@next\@ui\registry\utils\sort\sort.ts
FN:12,(anonymous_0)
FN:20,(anonymous_1)
FN:22,(anonymous_2)
FN:28,(anonymous_3)
FN:44,(anonymous_4)
FN:48,(anonymous_5)
FN:57,(anonymous_6)
FNF:7
FNH:4
FNDA:6,(anonymous_0)
FNDA:3,(anonymous_1)
FNDA:2,(anonymous_2)
FNDA:4,(anonymous_3)
FNDA:0,(anonymous_4)
FNDA:0,(anonymous_5)
FNDA:0,(anonymous_6)
DA:1,1
DA:6,1
DA:12,1
DA:13,6
DA:14,2
DA:17,4
DA:20,1
DA:21,3
DA:22,2
DA:25,2
DA:28,1
DA:30,4
DA:31,1
DA:35,3
DA:36,1
DA:38,2
DA:39,1
DA:42,1
DA:44,1
DA:45,0
DA:48,1
DA:49,0
DA:50,0
DA:52,0
DA:57,1
DA:58,0
DA:59,0
DA:61,0
DA:62,0
DA:63,0
DA:67,0
DA:68,0
DA:72,0
DA:74,0
DA:75,0
DA:78,0
DA:81,0
LF:37
LH:21
BRDA:13,0,0,2
BRDA:13,0,1,4
BRDA:13,1,0,6
BRDA:13,1,1,5
BRDA:21,2,0,1
BRDA:21,2,1,2
BRDA:30,3,0,1
BRDA:30,3,1,3
BRDA:30,4,0,4
BRDA:30,4,1,2
BRDA:35,5,0,1
BRDA:35,5,1,2
BRDA:35,6,0,3
BRDA:35,6,1,1
BRDA:38,7,0,1
BRDA:38,7,1,1
BRDA:38,8,0,2
BRDA:38,8,1,2
BRDA:62,9,0,0
BRDA:62,9,1,0
BRDA:67,10,0,0
BRDA:67,10,1,0
BRDA:67,11,0,0
BRDA:67,11,1,0
BRDA:72,12,0,0
BRDA:72,12,1,0
BRDA:72,13,0,0
BRDA:72,13,1,0
BRDA:74,14,0,0
BRDA:74,14,1,0
BRF:30
BRH:18
end_of_record
TN:
SF:C:\project\ets-frontend\src\components\@next\_example\module\e_functions.ts
FN:3,(anonymous_0)
FN:13,(anonymous_1)
FN:18,(anonymous_2)
FN:20,(anonymous_3)
FN:23,(anonymous_4)
FNF:5
FNH:5
FNDA:3,(anonymous_0)
FNDA:1,(anonymous_1)
FNDA:1,(anonymous_2)
FNDA:1,(anonymous_3)
FNDA:1,(anonymous_4)
DA:3,1
DA:4,3
DA:13,1
DA:14,1
DA:18,1
DA:19,1
DA:22,1
DA:24,1
LF:8
LH:8
BRF:0
BRH:0
end_of_record
TN:
SF:C:\project\ets-frontend\src\components\new\ui\registry\module\utils\data.ts
FN:3,(anonymous_0)
FNF:1
FNH:1
FNDA:4,(anonymous_0)
DA:3,1
DA:4,4
DA:5,4
DA:7,4
LF:4
LH:4
BRF:0
BRH:0
end_of_record
TN:
SF:C:\project\ets-frontend\src\components\old\ui\input\date-picker\localizer.ts
FN:8,getMoment
FN:12,endOfDecade
FN:16,endOfCentury
FN:20,momentLocalizer
FN:32,decade
FN:35,century
FN:39,firstOfWeek
FN:42,parse
FN:52,format
FNF:9
FNH:1
FNDA:0,getMoment
FNDA:0,endOfDecade
FNDA:0,endOfCentury
FNDA:1,momentLocalizer
FNDA:0,decade
FNDA:0,century
FNDA:0,firstOfWeek
FNDA:0,parse
FNDA:0,format
DA:1,1
DA:2,1
DA:9,0
DA:13,0
DA:17,0
DA:21,1
DA:33,0
DA:36,0
DA:40,0
DA:43,0
DA:44,0
DA:46,0
DA:47,0
DA:48,0
DA:50,0
DA:53,0
DA:57,1
DA:60,1
LF:18
LH:5
BRDA:9,0,0,0
BRDA:9,0,1,0
BRDA:43,1,0,0
BRDA:43,1,1,0
BRDA:47,2,0,0
BRDA:47,2,1,0
BRF:6
BRH:0
end_of_record
TN:
SF:C:\project\ets-frontend\src\utils\dates.ts
FN:8,(anonymous_0)
FN:11,(anonymous_1)
FN:18,(anonymous_2)
FN:30,(anonymous_3)
FN:39,(anonymous_4)
FN:47,(anonymous_5)
FN:50,makeDate
FN:54,makeUnixTime
FN:61,makeTime
FN:68,makeMinutes
FN:73,getStartOfToday
FN:78,createValidDate
FN:85,createValidDateDots
FN:92,createValidDateHM
FN:99,createValidDateTime
FN:108,formatDate
FN:116,getFormattedDateTime
FN:125,getFormattedDateTimeWithSecond
FN:134,getFormattedTimeWithSecond
FN:141,getFormattedDateTimeSeconds
FN:148,makeDateFromUnix
FN:155,makeUnixFromDate
FN:164,getYesterday0am
FN:170,getYesterday2359
FN:175,getYesterday9am
FN:181,getYesterdayYesterday0am
FN:187,getYesterdayYesterday2359
FN:192,getDate9am
FN:197,getNextDay859am
FN:202,getToday9am
FN:215,getToday859am
FN:221,getToday0am
FN:226,getToday2359
FN:231,getTomorrow9am
FN:244,getTomorrow0am
FN:249,makeDataFromRaw
FN:261,isValidDate
FN:265,getDatesByShift
FN:279,pad
FN:282,secondsToTime
FN:290,(anonymous_40)
FN:309,(anonymous_41)
FN:311,(anonymous_42)
FN:316,(anonymous_43)
FN:319,(anonymous_44)
FN:322,(anonymous_45)
FN:326,(anonymous_46)
FNF:47
FNH:1
FNDA:0,(anonymous_0)
FNDA:0,(anonymous_1)
FNDA:0,(anonymous_2)
FNDA:0,(anonymous_3)
FNDA:0,(anonymous_4)
FNDA:0,(anonymous_5)
FNDA:0,makeDate
FNDA:0,makeUnixTime
FNDA:0,makeTime
FNDA:0,makeMinutes
FNDA:0,getStartOfToday
FNDA:0,createValidDate
FNDA:0,createValidDateDots
FNDA:0,createValidDateHM
FNDA:0,createValidDateTime
FNDA:0,formatDate
FNDA:0,getFormattedDateTime
FNDA:0,getFormattedDateTimeWithSecond
FNDA:0,getFormattedTimeWithSecond
FNDA:0,getFormattedDateTimeSeconds
FNDA:0,makeDateFromUnix
FNDA:0,makeUnixFromDate
FNDA:0,getYesterday0am
FNDA:0,getYesterday2359
FNDA:0,getYesterday9am
FNDA:0,getYesterdayYesterday0am
FNDA:0,getYesterdayYesterday2359
FNDA:0,getDate9am
FNDA:0,getNextDay859am
FNDA:0,getToday9am
FNDA:0,getToday859am
FNDA:0,getToday0am
FNDA:0,getToday2359
FNDA:0,getTomorrow9am
FNDA:0,getTomorrow0am
FNDA:0,makeDataFromRaw
FNDA:0,isValidDate
FNDA:0,getDatesByShift
FNDA:0,pad
FNDA:0,secondsToTime
FNDA:0,(anonymous_40)
FNDA:0,(anonymous_41)
FNDA:0,(anonymous_42)
FNDA:0,(anonymous_43)
FNDA:0,(anonymous_44)
FNDA:0,(anonymous_45)
FNDA:12,(anonymous_46)
DA:1,1
DA:2,1
DA:3,1
DA:5,1
DA:6,1
DA:8,1
DA:9,0
DA:11,1
DA:12,0
DA:18,1
DA:19,0
DA:30,1
DA:31,0
DA:32,0
DA:36,0
DA:39,1
DA:40,0
DA:41,0
DA:45,0
DA:47,1
DA:48,0
DA:50,1
DA:51,0
DA:54,1
DA:55,0
DA:56,0
DA:58,0
DA:61,1
DA:62,0
DA:63,0
DA:68,1
DA:69,0
DA:70,0
DA:73,1
DA:74,0
DA:75,0
DA:78,1
DA:79,0
DA:80,0
DA:82,0
DA:85,1
DA:86,0
DA:87,0
DA:89,0
DA:92,1
DA:93,0
DA:94,0
DA:96,0
DA:99,1
DA:100,0
DA:101,0
DA:103,0
DA:108,1
DA:109,0
DA:110,0
DA:113,0
DA:116,1
DA:117,0
DA:118,0
DA:120,0
DA:125,1
DA:126,0
DA:127,0
DA:129,0
DA:134,1
DA:135,0
DA:136,0
DA:138,0
DA:141,1
DA:142,0
DA:143,0
DA:145,0
DA:148,1
DA:149,0
DA:150,0
DA:152,0
DA:155,1
DA:156,0
DA:157,0
DA:159,0
DA:164,1
DA:165,0
DA:167,0
DA:170,1
DA:171,0
DA:172,0
DA:175,1
DA:176,0
DA:178,0
DA:181,1
DA:182,0
DA:184,0
DA:187,1
DA:188,0
DA:189,0
DA:192,1
DA:193,0
DA:194,0
DA:197,1
DA:198,0
DA:199,0
DA:202,1
DA:203,0
DA:205,0
DA:215,1
DA:216,0
DA:218,0
DA:221,1
DA:222,0
DA:223,0
DA:226,1
DA:227,0
DA:228,0
DA:231,1
DA:232,0
DA:234,0
DA:244,1
DA:245,0
DA:246,0
DA:249,1
DA:250,0
DA:252,0
DA:254,0
DA:255,0
DA:258,0
DA:261,1
DA:262,0
DA:265,1
DA:266,0
DA:267,0
DA:268,0
DA:273,0
DA:280,0
DA:282,1
DA:283,0
DA:284,0
DA:285,0
DA:286,0
DA:287,0
DA:290,1
DA:291,0
DA:292,0
DA:295,0
DA:297,0
DA:298,0
DA:301,0
DA:309,1
DA:311,1
DA:312,0
DA:316,1
DA:317,0
DA:319,1
DA:320,0
DA:322,1
DA:323,0
DA:325,1
DA:327,12
DA:329,12
LF:158
LH:53
BRDA:8,0,0,0
BRDA:8,0,1,0
BRDA:8,1,0,0
BRDA:8,1,1,0
BRDA:13,2,0,0
BRDA:13,2,1,0
BRDA:21,3,0,0
BRDA:21,3,1,0
BRDA:21,3,2,0
BRDA:21,3,3,0
BRDA:55,4,0,0
BRDA:55,4,1,0
BRDA:61,5,0,0
BRDA:61,5,1,0
BRDA:64,6,0,0
BRDA:64,6,1,0
BRDA:79,7,0,0
BRDA:79,7,1,0
BRDA:86,8,0,0
BRDA:86,8,1,0
BRDA:93,9,0,0
BRDA:93,9,1,0
BRDA:100,10,0,0
BRDA:100,10,1,0
BRDA:109,11,0,0
BRDA:109,11,1,0
BRDA:117,12,0,0
BRDA:117,12,1,0
BRDA:126,13,0,0
BRDA:126,13,1,0
BRDA:135,14,0,0
BRDA:135,14,1,0
BRDA:142,15,0,0
BRDA:142,15,1,0
BRDA:149,16,0,0
BRDA:149,16,1,0
BRDA:156,17,0,0
BRDA:156,17,1,0
BRDA:202,18,0,0
BRDA:202,18,1,0
BRDA:231,19,0,0
BRDA:231,19,1,0
BRDA:254,20,0,0
BRDA:254,20,1,0
BRDA:255,21,0,0
BRDA:255,21,1,0
BRDA:267,22,0,0
BRDA:267,22,1,0
BRDA:290,23,0,0
BRDA:290,23,1,0
BRDA:290,24,0,0
BRDA:290,24,1,0
BRDA:290,25,0,0
BRDA:290,25,1,0
BRDA:291,26,0,0
BRDA:291,26,1,0
BRDA:295,27,0,0
BRDA:295,27,1,0
BRDA:297,28,0,0
BRDA:297,28,1,0
BRDA:297,29,0,0
BRDA:297,29,1,0
BRDA:323,30,0,0
BRDA:323,30,1,0
BRF:64
BRH:0
end_of_record
TN:
SF:C:\project\ets-frontend\src\utils\functions.ts
FN:24,(anonymous_14)
FN:32,(anonymous_15)
FN:39,(anonymous_16)
FN:46,(anonymous_17)
FN:54,isNotNull
FN:73,isEmpty
FN:83,(anonymous_20)
FN:85,saveData
FN:103,(anonymous_22)
FN:107,get_browser
FN:146,printData
FN:155,(anonymous_25)
FN:161,(anonymous_26)
FN:176,hasMotohours
FN:189,hexToRgba
FN:191,(anonymous_29)
FN:205,(anonymous_30)
FN:206,(anonymous_31)
FN:211,(anonymous_32)
FN:234,resizeBase64
FN:235,(anonymous_34)
FN:242,flattenObject
FN:245,(anonymous_36)
FN:247,(anonymous_37)
FN:259,(anonymous_38)
FN:260,(anonymous_39)
FN:261,(anonymous_40)
FN:263,fromIterableListToArray
FN:272,(anonymous_42)
FN:279,detectIE
FN:310,(anonymous_44)
FN:310,(anonymous_45)
FN:331,(anonymous_47)
FNF:33
FNH:0
FNDA:0,(anonymous_14)
FNDA:0,(anonymous_15)
FNDA:0,(anonymous_16)
FNDA:0,(anonymous_17)
FNDA:0,isNotNull
FNDA:0,isEmpty
FNDA:0,(anonymous_20)
FNDA:0,saveData
FNDA:0,(anonymous_22)
FNDA:0,get_browser
FNDA:0,printData
FNDA:0,(anonymous_25)
FNDA:0,(anonymous_26)
FNDA:0,hasMotohours
FNDA:0,hexToRgba
FNDA:0,(anonymous_29)
FNDA:0,(anonymous_30)
FNDA:0,(anonymous_31)
FNDA:0,(anonymous_32)
FNDA:0,resizeBase64
FNDA:0,(anonymous_34)
FNDA:0,flattenObject
FNDA:0,(anonymous_36)
FNDA:0,(anonymous_37)
FNDA:0,(anonymous_38)
FNDA:0,(anonymous_39)
FNDA:0,(anonymous_40)
FNDA:0,fromIterableListToArray
FNDA:0,(anonymous_42)
FNDA:0,detectIE
FNDA:0,(anonymous_44)
FNDA:0,(anonymous_45)
FNDA:0,(anonymous_47)
DA:6,2
DA:7,1
DA:16,1
DA:24,1
DA:25,0
DA:32,1
DA:33,0
DA:39,1
DA:40,0
DA:46,1
DA:47,0
DA:54,1
DA:55,0
DA:73,1
DA:74,0
DA:75,0
DA:77,0
DA:78,0
DA:80,0
DA:83,1
DA:85,1
DA:86,0
DA:87,0
DA:89,0
DA:90,0
DA:92,0
DA:94,0
DA:95,0
DA:96,0
DA:97,0
DA:99,0
DA:100,0
DA:101,0
DA:103,0
DA:108,0
DA:111,0
DA:114,0
DA:115,0
DA:116,0
DA:121,0
DA:122,0
DA:123,0
DA:124,0
DA:130,0
DA:131,0
DA:133,0
DA:134,0
DA:136,0
DA:146,1
DA:147,0
DA:150,0
DA:151,0
DA:152,0
DA:153,0
DA:154,0
DA:155,0
DA:156,0
DA:157,0
DA:158,0
DA:161,0
DA:162,0
DA:163,0
DA:164,0
DA:176,1
DA:177,0
DA:178,0
DA:180,0
DA:189,1
DA:190,0
DA:191,0
DA:193,0
DA:195,0
DA:196,0
DA:199,0
DA:200,0
DA:201,0
DA:202,0
DA:205,1
DA:206,0
DA:207,0
DA:208,0
DA:210,0
DA:211,0
DA:212,0
DA:213,0
DA:214,0
DA:226,0
DA:229,0
DA:230,0
DA:234,1
DA:235,0
DA:242,1
DA:243,0
DA:245,0
DA:246,0
DA:247,0
DA:248,0
DA:249,0
DA:252,0
DA:256,0
DA:259,1
DA:260,1
DA:261,1
DA:263,1
DA:264,0
DA:265,0
DA:266,0
DA:269,0
DA:272,1
DA:273,0
DA:279,1
DA:280,0
DA:282,0
DA:283,0
DA:285,0
DA:288,0
DA:289,0
DA:291,0
DA:292,0
DA:295,0
DA:296,0
DA:298,0
DA:302,0
DA:310,1
DA:311,0
DA:312,0
DA:313,0
DA:314,0
DA:316,0
DA:317,0
DA:318,0
DA:319,0
DA:321,0
DA:322,0
DA:324,0
DA:331,1
DA:332,0
LF:137
LH:25
BRDA:24,0,0,0
BRDA:24,0,1,0
BRDA:32,1,0,0
BRDA:32,1,1,0
BRDA:39,2,0,0
BRDA:39,2,1,0
BRDA:46,3,0,0
BRDA:46,3,1,0
BRDA:55,4,0,0
BRDA:55,4,1,0
BRDA:74,5,0,0
BRDA:74,5,1,0
BRDA:77,6,0,0
BRDA:77,6,1,0
BRDA:77,7,0,0
BRDA:77,7,1,0
BRDA:86,8,0,0
BRDA:86,8,1,0
BRDA:86,9,0,0
BRDA:86,9,1,0
BRDA:89,10,0,0
BRDA:89,10,1,0
BRDA:90,11,0,0
BRDA:90,11,1,0
BRDA:97,12,0,0
BRDA:97,12,1,0
BRDA:111,13,0,0
BRDA:111,13,1,0
BRDA:114,14,0,0
BRDA:114,14,1,0
BRDA:115,15,0,0
BRDA:115,15,1,0
BRDA:118,16,0,0
BRDA:118,16,1,0
BRDA:121,17,0,0
BRDA:121,17,1,0
BRDA:123,18,0,0
BRDA:123,18,1,0
BRDA:130,19,0,0
BRDA:130,19,1,0
BRDA:133,20,0,0
BRDA:133,20,1,0
BRDA:154,21,0,0
BRDA:154,21,1,0
BRDA:177,22,0,0
BRDA:177,22,1,0
BRDA:195,23,0,0
BRDA:195,23,1,0
BRDA:246,24,0,0
BRDA:246,24,1,0
BRDA:259,25,0,0
BRDA:259,25,1,0
BRDA:260,26,0,0
BRDA:260,26,1,0
BRDA:261,27,0,0
BRDA:261,27,1,0
BRDA:283,28,0,0
BRDA:283,28,1,0
BRDA:289,29,0,0
BRDA:289,29,1,0
BRDA:296,30,0,0
BRDA:296,30,1,0
BRF:62
BRH:0
end_of_record
